<?xml version="1.0" encoding="UTF-8"?>
<!-- Generated by org.testng.reporters.JUnitXMLReporter -->
<testsuite ignored="0" hostname="Vaibhav-HP" failures="1" tests="1" name="chrome test" time="61.194" errors="0" timestamp="2024-10-13T23:51:36 IST">
  <testcase classname="testCases.MySQL_EmployeeTest" name="verifyEmpCreation" time="20.486">
    <failure type="java.lang.AssertionError" message="expected [true] but found [false]">
      <![CDATA[java.lang.AssertionError: expected [true] but found [false]
at testCases.MySQL_EmployeeTest.verifyEmpCreation(MySQL_EmployeeTest.java:64)
at java.base/java.util.ArrayList.forEach(ArrayList.java:1597)
... Removed 32 stack frames]]>
    </failure>
  </testcase> <!-- verifyEmpCreation -->
</testsuite> <!-- chrome test -->
