<?xml version="1.0" encoding="UTF-8"?>
<!-- Generated by org.testng.reporters.JUnitXMLReporter -->
<testsuite ignored="0" hostname="Vaibhav-HP" failures="1" tests="1" name="chrome test" time="38.751" errors="0" timestamp="2024-10-01T23:58:36 IST">
  <testcase classname="testCases.TC_WorkLocationTest" name="verifyWorkLocation" time="12.949">
    <failure type="java.lang.AssertionError" message="expected [true] but found [false]">
      <![CDATA[java.lang.AssertionError: expected [true] but found [false]
at testCases.TC_WorkLocationTest.verifyWorkLocation(TC_WorkLocationTest.java:38)
at java.base/java.util.ArrayList.forEach(ArrayList.java:1597)
... Removed 32 stack frames]]>
    </failure>
  </testcase> <!-- verifyWorkLocation -->
</testsuite> <!-- chrome test -->
