<?xml version="1.0" encoding="UTF-8"?>
<!-- Generated by org.testng.reporters.JUnitXMLReporter -->
<testsuite ignored="0" hostname="Vaibhav-HP" failures="1" tests="1" name="linux-chrome" time="34.719" errors="0" timestamp="2024-10-02T21:44:18 IST">
  <testcase classname="testCases.TC_CalendarTest" name="verifyCalendar" time="10.088">
    <failure type="java.lang.AssertionError" message="null">
      <![CDATA[java.lang.AssertionError: null
at testCases.TC_CalendarTest.verifyCalendar(TC_CalendarTest.java:51)
at java.base/java.util.ArrayList.forEach(ArrayList.java:1597)
... Removed 27 stack frames]]>
    </failure>
  </testcase> <!-- verifyCalendar -->
</testsuite> <!-- linux-chrome -->
