<?xml version="1.0" encoding="UTF-8"?>
<!-- Generated by org.testng.reporters.JUnitXMLReporter -->
<testsuite ignored="0" hostname="Vaibhav-HP" failures="1" tests="1" name="RegressionTestCases" time="34.067" errors="0" timestamp="2024-09-23T00:18:00 IST">
  <testcase classname="testCases.TC_DeptTest" name="verifyDept" time="14.678">
    <failure type="java.lang.AssertionError" message="null">
      <![CDATA[java.lang.AssertionError: null
at testCases.TC_DeptTest.verifyDept(TC_DeptTest.java:48)
at java.base/java.util.ArrayList.forEach(ArrayList.java:1596)
... Removed 27 stack frames]]>
    </failure>
  </testcase> <!-- verifyDept -->
</testsuite> <!-- RegressionTestCases -->
