<?xml version="1.0" encoding="UTF-8"?>
<!-- Generated by org.testng.reporters.JUnitXMLReporter -->
<testsuite ignored="0" hostname="EBSPC106" failures="0" tests="2" name="Regression Tests" time="69.937" errors="0" timestamp="2025-07-31T12:34:15 IST">
  <testcase classname="testCases.HRMS.Payroll.CreatePromotionTest" name="createPromotion" time="25.731"/>
  <testcase classname="testCases.HRMS.Payroll.DeletePromotionTest" name="deletePromotion" time="25.111"/>
</testsuite> <!-- Regression Tests -->
