<?xml version="1.0" encoding="UTF-8"?>
<!-- Generated by org.testng.reporters.JUnitXMLReporter -->
<testsuite ignored="0" hostname="EBSPC106" failures="0" tests="2" name="Regression Tests" time="54.661" errors="0" timestamp="2025-06-10T19:03:25 IST">
  <testcase classname="testCases.HRMS.Payroll.CreateTicketEncashmentTest" name="createTicketEncashment" time="21.979"/>
  <testcase classname="testCases.HRMS.Payroll.DeleteTicketEncashmentTest" name="deleteTicketEncashment" time="14.591"/>
</testsuite> <!-- Regression Tests -->
