<?xml version="1.0" encoding="UTF-8"?>
<testng-results retried="17" ignored="17" total="95" passed="45" failed="16" skipped="0">
  <reporter-output>
  </reporter-output>
  <suite started-at="2025-06-07T16:55:02 IST" name="RegressionTestSuite" finished-at="2025-06-07T17:51:41 IST" duration-ms="3399742">
    <groups>
      <group name="regression">
        <method signature="CreateLenientShiftTimetableTest.createLenientShiftTimetable()[pri:0, instance:testCases.HRMS.Attendance.CreateLenientShiftTimetableTest@4d098f9b]" name="createLenientShiftTimetable" class="testCases.HRMS.Attendance.CreateLenientShiftTimetableTest"/>
        <method signature="CreateNightShiftTimetableTest.createNightShiftTimetable()[pri:0, instance:testCases.HRMS.Attendance.CreateNightShiftTimetableTest@20b5f2ac]" name="createNightShiftTimetable" class="testCases.HRMS.Attendance.CreateNightShiftTimetableTest"/>
        <method signature="CreateRosterTest.createRoster()[pri:0, instance:testCases.HRMS.Attendance.CreateRosterTest@7e3060d8]" name="createRoster" class="testCases.HRMS.Attendance.CreateRosterTest"/>
        <method signature="CreateShiftTest.createShift()[pri:0, instance:testCases.HRMS.Attendance.CreateShiftTest@2692b61e]" name="createShift" class="testCases.HRMS.Attendance.CreateShiftTest"/>
        <method signature="CreateStrictDayShiftTimetableTest.createStrictDayShiftTimetable()[pri:0, instance:testCases.HRMS.Attendance.CreateStrictDayShiftTimetableTest@62fad19]" name="createStrictDayShiftTimetable" class="testCases.HRMS.Attendance.CreateStrictDayShiftTimetableTest"/>
        <method signature="CreateTwoShiftDayShiftTimetableTest.createTwoShiftDayShiftTimetable()[pri:0, instance:testCases.HRMS.Attendance.CreateTwoShiftDayShiftTimetableTest@74cadd41]" name="createTwoShiftDayShiftTimetable" class="testCases.HRMS.Attendance.CreateTwoShiftDayShiftTimetableTest"/>
        <method signature="DeleteLenientShiftTimetableTest.deleteLenientShiftTimetable()[pri:0, instance:testCases.HRMS.Attendance.DeleteLenientShiftTimetableTest@2dbf4cbd]" name="deleteLenientShiftTimetable" class="testCases.HRMS.Attendance.DeleteLenientShiftTimetableTest"/>
        <method signature="DeleteRosterTest.deleteRoster()[pri:0, instance:testCases.HRMS.Attendance.DeleteRosterTest@293d0107]" name="deleteRoster" class="testCases.HRMS.Attendance.DeleteRosterTest"/>
        <method signature="DeleteShiftTest.deleteShift()[pri:0, instance:testCases.HRMS.Attendance.DeleteShiftTest@7b64240d]" name="deleteShift" class="testCases.HRMS.Attendance.DeleteShiftTest"/>
        <method signature="DeleteStrictDayShiftTimetableTest.deleteStrictDayShiftTimetable()[pri:0, instance:testCases.HRMS.Attendance.DeleteStrictDayShiftTimetableTest@47dbb1e2]" name="deleteStrictDayShiftTimetable" class="testCases.HRMS.Attendance.DeleteStrictDayShiftTimetableTest"/>
        <method signature="DeleteTwoShiftDayShiftTimetableTest.deleteTwoShiftDayShiftTimetable()[pri:0, instance:testCases.HRMS.Attendance.DeleteTwoShiftDayShiftTimetableTest@2e54db99]" name="deleteTwoShiftDayShiftTimetable" class="testCases.HRMS.Attendance.DeleteTwoShiftDayShiftTimetableTest"/>
        <method signature="CreateBankTest.createBank()[pri:0, instance:testCases.HRMS.HRCore.CreateBankTest@3829ac1]" name="createBank" class="testCases.HRMS.HRCore.CreateBankTest"/>
        <method signature="CreateCalendarTest.createCalendar()[pri:0, instance:testCases.HRMS.HRCore.CreateCalendarTest@22d6f11]" name="createCalendar" class="testCases.HRMS.HRCore.CreateCalendarTest"/>
        <method signature="CreateDeptTest.createDepartment()[pri:0, instance:testCases.HRMS.HRCore.CreateDeptTest@2453f95d]" name="createDepartment" class="testCases.HRMS.HRCore.CreateDeptTest"/>
        <method signature="CreateDesignationTest.createDesignation()[pri:0, instance:testCases.HRMS.HRCore.CreateDesignationTest@2dbe250d]" name="createDesignation" class="testCases.HRMS.HRCore.CreateDesignationTest"/>
        <method signature="CreateDocumentTypeTest.createDocumentType()[pri:0, instance:testCases.HRMS.HRCore.CreateDocumentTypeTest@6e1d8f9e]" name="createDocumentType" class="testCases.HRMS.HRCore.CreateDocumentTypeTest"/>
        <method signature="CreateEmployeeTest.createEmployee()[pri:0, instance:testCases.HRMS.HRCore.CreateEmployeeTest@62fe6067]" name="createEmployee" class="testCases.HRMS.HRCore.CreateEmployeeTest"/>
        <method signature="CreateGradeTest.createGrade()[pri:0, instance:testCases.HRMS.HRCore.CreateGradeTest@4de41af9]" name="createGrade" class="testCases.HRMS.HRCore.CreateGradeTest"/>
        <method signature="CreateQualificationTest.createQualification()[pri:0, instance:testCases.HRMS.HRCore.CreateQualificationTest@47404bea]" name="createQualification" class="testCases.HRMS.HRCore.CreateQualificationTest"/>
        <method signature="CreateReligionTest.createReligion()[pri:0, instance:testCases.HRMS.HRCore.CreateReligionTest@5d018107]" name="createReligion" class="testCases.HRMS.HRCore.CreateReligionTest"/>
        <method signature="CreateWorkLocationTest.createWorkLocation()[pri:0, instance:testCases.HRMS.HRCore.CreateWorkLocationTest@29e6eb25]" name="createWorkLocation" class="testCases.HRMS.HRCore.CreateWorkLocationTest"/>
        <method signature="DeleteBankTest.deleteBank()[pri:0, instance:testCases.HRMS.HRCore.DeleteBankTest@15eebbff]" name="deleteBank" class="testCases.HRMS.HRCore.DeleteBankTest"/>
        <method signature="DeleteCalendarTest.deleteCalendar()[pri:0, instance:testCases.HRMS.HRCore.DeleteCalendarTest@30990c1b]" name="deleteCalendar" class="testCases.HRMS.HRCore.DeleteCalendarTest"/>
        <method signature="DeleteDeptTest.deleteDepartment()[pri:0, instance:testCases.HRMS.HRCore.DeleteDeptTest@44828f6b]" name="deleteDepartment" class="testCases.HRMS.HRCore.DeleteDeptTest"/>
        <method signature="DeleteDesignationTest.deleteDesignation()[pri:0, instance:testCases.HRMS.HRCore.DeleteDesignationTest@553f1d75]" name="deleteDesignation" class="testCases.HRMS.HRCore.DeleteDesignationTest"/>
        <method signature="DeleteGradeTest.deleteGrade()[pri:0, instance:testCases.HRMS.HRCore.DeleteGradeTest@56ace400]" name="deleteGrade" class="testCases.HRMS.HRCore.DeleteGradeTest"/>
        <method signature="DeleteReligionTest.deleteReligion()[pri:0, instance:testCases.HRMS.HRCore.DeleteReligionTest@6cbcf243]" name="deleteReligion" class="testCases.HRMS.HRCore.DeleteReligionTest"/>
        <method signature="DeleteWorkLocationTest.deleteWorkLocation()[pri:0, instance:testCases.HRMS.HRCore.DeleteWorkLocationTest@62435e70]" name="deleteWorkLocation" class="testCases.HRMS.HRCore.DeleteWorkLocationTest"/>
        <method signature="CreateBenefitEncashmentTest.createBenefitEncashment()[pri:0, instance:testCases.HRMS.Payroll.CreateBenefitEncashmentTest@7e38a7fe]" name="createBenefitEncashment" class="testCases.HRMS.Payroll.CreateBenefitEncashmentTest"/>
        <method signature="CreateLeaveAdjustmentTest.createLeaveAdjustment()[pri:0, instance:testCases.HRMS.Payroll.CreateLeaveAdjustmentTest@3234f74e]" name="createLeaveAdjustment" class="testCases.HRMS.Payroll.CreateLeaveAdjustmentTest"/>
        <method signature="CreateLeaveEncashmentTest.createLeaveEncashment()[pri:0, instance:testCases.HRMS.Payroll.CreateLeaveEncashmentTest@275fe372]" name="createLeaveEncashment" class="testCases.HRMS.Payroll.CreateLeaveEncashmentTest"/>
        <method signature="CreateLeaveOpeningBalanceTest.createLeaveOpeningBalance()[pri:0, instance:testCases.HRMS.Payroll.CreateLeaveOpeningBalanceTest@557a1e2d]" name="createLeaveOpeningBalance" class="testCases.HRMS.Payroll.CreateLeaveOpeningBalanceTest"/>
        <method signature="CreateLeaveTest.createLeave()[pri:0, instance:testCases.HRMS.Payroll.CreateLeaveTest@269f4bad]" name="createLeave" class="testCases.HRMS.Payroll.CreateLeaveTest"/>
        <method signature="CreateVariableSalaryTest_Lambok.verifyVariableSalary()[pri:0, instance:testCases.HRMS.Payroll.CreateVariableSalaryTest_Lambok@339bf286]" name="verifyVariableSalary" class="testCases.HRMS.Payroll.CreateVariableSalaryTest_Lambok"/>
        <method signature="DeleteBenefitEncashmentTest.deleteBenefitEncashment()[pri:0, instance:testCases.HRMS.Payroll.DeleteBenefitEncashmentTest@366ef90e]" name="deleteBenefitEncashment" class="testCases.HRMS.Payroll.DeleteBenefitEncashmentTest"/>
        <method signature="DeleteLeaveAdjustmentTest.deleteLeaveAdjustment()[pri:0, instance:testCases.HRMS.Payroll.DeleteLeaveAdjustmentTest@7bc10d84]" name="deleteLeaveAdjustment" class="testCases.HRMS.Payroll.DeleteLeaveAdjustmentTest"/>
        <method signature="DeleteLeaveEncashmentTest.deleteLeaveEncashment()[pri:0, instance:testCases.HRMS.Payroll.DeleteLeaveEncashmentTest@40e10ff8]" name="deleteLeaveEncashment" class="testCases.HRMS.Payroll.DeleteLeaveEncashmentTest"/>
        <method signature="DeleteLeaveOpeningBalanceTest.deleteLeaveOpeningBalance()[pri:0, instance:testCases.HRMS.Payroll.DeleteLeaveOpeningBalanceTest@26a4842b]" name="deleteLeaveOpeningBalance" class="testCases.HRMS.Payroll.DeleteLeaveOpeningBalanceTest"/>
        <method signature="DeleteLeaveTest.deleteLeave()[pri:0, instance:testCases.HRMS.Payroll.DeleteLeaveTest@5ed731d0]" name="deleteLeave" class="testCases.HRMS.Payroll.DeleteLeaveTest"/>
        <method signature="DeleteVariableSalaryTest.deleteVariableSalary()[pri:0, instance:testCases.HRMS.Payroll.DeleteVariableSalaryTest@38be305c]" name="deleteVariableSalary" class="testCases.HRMS.Payroll.DeleteVariableSalaryTest"/>
        <method signature="CreateBenefitClaimTest.createBenefitClaim()[pri:0, instance:testCases.HRMS.SelfService.CreateBenefitClaimTest@33e01298]" name="createBenefitClaim" class="testCases.HRMS.SelfService.CreateBenefitClaimTest"/>
        <method signature="CreateExceptionRequestTest.createExceptionRequest()[pri:0, instance:testCases.HRMS.SelfService.CreateExceptionRequestTest@a5b0b86]" name="createExceptionRequest" class="testCases.HRMS.SelfService.CreateExceptionRequestTest"/>
        <method signature="CreateHRAssetRequest.createHRAssetRequest()[pri:0, instance:testCases.HRMS.SelfService.CreateHRAssetRequest@78fb9a67]" name="createHRAssetRequest" class="testCases.HRMS.SelfService.CreateHRAssetRequest"/>
        <method signature="CreateHRAssetReturnTest.createHRAssetReturn()[pri:0, instance:testCases.HRMS.SelfService.CreateHRAssetReturnTest@73ff4fae]" name="createHRAssetReturn" class="testCases.HRMS.SelfService.CreateHRAssetReturnTest"/>
        <method signature="CreateLeaveRequestTest.createLeaveRequest()[pri:0, instance:testCases.HRMS.SelfService.CreateLeaveRequestTest@b968a76]" name="createLeaveRequest" class="testCases.HRMS.SelfService.CreateLeaveRequestTest"/>
        <method signature="CreateLoanRequestTest.createLoanRequest()[pri:0, instance:testCases.HRMS.SelfService.CreateLoanRequestTest@2611b9a3]" name="createLoanRequest" class="testCases.HRMS.SelfService.CreateLoanRequestTest"/>
        <method signature="CreatePromotionRequestTest.createPromotionRequest()[pri:0, instance:testCases.HRMS.SelfService.CreatePromotionRequestTest@3f446bef]" name="createPromotionRequest" class="testCases.HRMS.SelfService.CreatePromotionRequestTest"/>
        <method signature="CreateSupportRequestCategoryTest.createSupportRequestCategory()[pri:0, instance:testCases.HRMS.SelfService.CreateSupportRequestCategoryTest@4763c727]" name="createSupportRequestCategory" class="testCases.HRMS.SelfService.CreateSupportRequestCategoryTest"/>
        <method signature="CreateSupportRequestTest.createSupportRequest()[pri:0, instance:testCases.HRMS.SelfService.CreateSupportRequestTest@61bcd567]" name="createSupportRequest" class="testCases.HRMS.SelfService.CreateSupportRequestTest"/>
        <method signature="CreateTimeOffTest.createTimeOff()[pri:0, instance:testCases.HRMS.SelfService.CreateTimeOffTest@458342d3]" name="createTimeOff" class="testCases.HRMS.SelfService.CreateTimeOffTest"/>
        <method signature="CreateTravelRequestTest.createTravelRequest()[pri:0, instance:testCases.HRMS.SelfService.CreateTravelRequestTest@1252b961]" name="createTravelRequest" class="testCases.HRMS.SelfService.CreateTravelRequestTest"/>
        <method signature="DeleteBenefitClaimTest.deleteBenefitClaim()[pri:0, instance:testCases.HRMS.SelfService.DeleteBenefitClaimTest@31e75d13]" name="deleteBenefitClaim" class="testCases.HRMS.SelfService.DeleteBenefitClaimTest"/>
        <method signature="DeleteExceptionRequestTest.deleteExceptionRequest()[pri:0, instance:testCases.HRMS.SelfService.DeleteExceptionRequestTest@4b3c354a]" name="deleteExceptionRequest" class="testCases.HRMS.SelfService.DeleteExceptionRequestTest"/>
        <method signature="DeleteITSupportRequestTest.deleteITSupportRequest()[pri:0, instance:testCases.HRMS.SelfService.DeleteITSupportRequestTest@1c80e49b]" name="deleteITSupportRequest" class="testCases.HRMS.SelfService.DeleteITSupportRequestTest"/>
        <method signature="DeleteLeaveRequestTest.deleteLeaveRequest()[pri:0, instance:testCases.HRMS.SelfService.DeleteLeaveRequestTest@2f9a01c1]" name="deleteLeaveRequest" class="testCases.HRMS.SelfService.DeleteLeaveRequestTest"/>
        <method signature="DeleteLoanRequestTest.deleteLoanRequest()[pri:0, instance:testCases.HRMS.SelfService.DeleteLoanRequestTest@54227100]" name="deleteLoanRequest" class="testCases.HRMS.SelfService.DeleteLoanRequestTest"/>
        <method signature="DeleteSupportReqCategoryTest.deleteSupportReqCategory()[pri:0, instance:testCases.HRMS.SelfService.DeleteSupportReqCategoryTest@72445aba]" name="deleteSupportReqCategory" class="testCases.HRMS.SelfService.DeleteSupportReqCategoryTest"/>
        <method signature="DeleteTimeOffTest.deleteTimeOff()[pri:0, instance:testCases.HRMS.SelfService.DeleteTimeOffTest@15c25153]" name="deleteTimeOff" class="testCases.HRMS.SelfService.DeleteTimeOffTest"/>
        <method signature="VerifyApproveWorkflowTest.verifyApproveWorkflow()[pri:0, instance:testCases.HRMS.SelfService.VerifyApproveWorkflowTest@56276db8]" name="verifyApproveWorkflow" class="testCases.HRMS.SelfService.VerifyApproveWorkflowTest"/>
        <method signature="VerifyRejectWorkflowTest.verifyRejectWorkflow()[pri:0, instance:testCases.HRMS.SelfService.VerifyRejectWorkflowTest@51e8e6e6]" name="verifyRejectWorkflow" class="testCases.HRMS.SelfService.VerifyRejectWorkflowTest"/>
        <method signature="VerifyReviseWorkflowTest.verifyReviseWorkflow()[pri:0, instance:testCases.HRMS.SelfService.VerifyReviseWorkflowTest@56f6d40b]" name="verifyReviseWorkflow" class="testCases.HRMS.SelfService.VerifyReviseWorkflowTest"/>
      </group> <!-- regression -->
    </groups>
    <test started-at="2025-06-07T16:55:02 IST" name="Regression Tests" finished-at="2025-06-07T17:51:41 IST" duration-ms="3399742">
      <class name="testCases.HRMS.SelfService.VerifyRejectWorkflowTest">
        <test-method is-config="true" signature="setup(java.lang.String,java.lang.String)[pri:0, instance:testCases.HRMS.SelfService.VerifyRejectWorkflowTest@51e8e6e6]" started-at="2025-06-07T17:38:45 IST" name="setup" finished-at="2025-06-07T17:39:00 IST" duration-ms="14891" status="PASS">
          <params>
            <param index="0">
              <value>
                <![CDATA[windows]]>
              </value>
            </param>
            <param index="1">
              <value>
                <![CDATA[chrome]]>
              </value>
            </param>
          </params>
          <reporter-output>
          </reporter-output>
        </test-method> <!-- setup -->
        <test-method is-config="true" signature="login()[pri:0, instance:testCases.HRMS.SelfService.VerifyRejectWorkflowTest@51e8e6e6]" started-at="2025-06-07T17:39:00 IST" name="login" finished-at="2025-06-07T17:39:08 IST" duration-ms="8217" status="PASS">
          <reporter-output>
          </reporter-output>
        </test-method> <!-- login -->
        <test-method retried="true" signature="verifyRejectWorkflow()[pri:0, instance:testCases.HRMS.SelfService.VerifyRejectWorkflowTest@51e8e6e6]" started-at="2025-06-07T17:39:08 IST" name="verifyRejectWorkflow" finished-at="2025-06-07T17:39:40 IST" duration-ms="32051" status="SKIP">
          <exception class="java.lang.AssertionError">
            <message>
              <![CDATA[Test case failed: org.openqa.selenium.NoSuchElementException: no such element: Unable to locate element: {"method":"xpath","selector":"//div[@class='dx-start-datebox dx-datebox dx-textbox dx-texteditor dx-editor-outlined dx-widget dx-visibility-change-handler dx-auto-width dx-dropdowneditor dx-datebox-date dx-datebox-calendar dx-dropdowneditor-field-clickable']//input[@role='combobox']"}
  (Session info: chrome=137.0.7151.69)
For documentation on this error, please visit: https://www.selenium.dev/documentation/webdriver/troubleshooting/errors#no-such-element-exception
Build info: version: '4.31.0', revision: '1ef9f18787*'
System info: os.name: 'Windows 11', os.arch: 'amd64', os.version: '10.0', java.version: '21.0.3'
Driver info: org.openqa.selenium.chrome.ChromeDriver
Command: [138bf001973d3d9f816f03e7813dcd1f, findElement {value=//div[@class='dx-start-datebox dx-datebox dx-textbox dx-texteditor dx-editor-outlined dx-widget dx-visibility-change-handler dx-auto-width dx-dropdowneditor dx-datebox-date dx-datebox-calendar dx-dropdowneditor-field-clickable']//input[@role='combobox'], using=xpath}]
Capabilities {acceptInsecureCerts: false, browserName: chrome, browserVersion: 137.0.7151.69, chrome: {chromedriverVersion: 137.0.7151.68 (2989ffee9373..., userDataDir: C:\Users\Vaibhav\AppData\Lo...}, fedcm:accounts: true, goog:chromeOptions: {debuggerAddress: localhost:50649}, networkConnectionEnabled: false, pageLoadStrategy: normal, platformName: windows, proxy: Proxy(), se:cdp: ws://localhost:50649/devtoo..., se:cdpVersion: 137.0.7151.69, setWindowRect: true, strictFileInteractability: false, timeouts: {implicit: 0, pageLoad: 300000, script: 30000}, unhandledPromptBehavior: dismiss and notify, webauthn:extension:credBlob: true, webauthn:extension:largeBlob: true, webauthn:extension:minPinLength: true, webauthn:extension:prf: true, webauthn:virtualAuthenticators: true}
Session ID: 138bf001973d3d9f816f03e7813dcd1f]]>
            </message>
            <full-stacktrace>
              <![CDATA[java.lang.AssertionError: Test case failed: org.openqa.selenium.NoSuchElementException: no such element: Unable to locate element: {"method":"xpath","selector":"//div[@class='dx-start-datebox dx-datebox dx-textbox dx-texteditor dx-editor-outlined dx-widget dx-visibility-change-handler dx-auto-width dx-dropdowneditor dx-datebox-date dx-datebox-calendar dx-dropdowneditor-field-clickable']//input[@role='combobox']"}
  (Session info: chrome=137.0.7151.69)
For documentation on this error, please visit: https://www.selenium.dev/documentation/webdriver/troubleshooting/errors#no-such-element-exception
Build info: version: '4.31.0', revision: '1ef9f18787*'
System info: os.name: 'Windows 11', os.arch: 'amd64', os.version: '10.0', java.version: '21.0.3'
Driver info: org.openqa.selenium.chrome.ChromeDriver
Command: [138bf001973d3d9f816f03e7813dcd1f, findElement {value=//div[@class='dx-start-datebox dx-datebox dx-textbox dx-texteditor dx-editor-outlined dx-widget dx-visibility-change-handler dx-auto-width dx-dropdowneditor dx-datebox-date dx-datebox-calendar dx-dropdowneditor-field-clickable']//input[@role='combobox'], using=xpath}]
Capabilities {acceptInsecureCerts: false, browserName: chrome, browserVersion: 137.0.7151.69, chrome: {chromedriverVersion: 137.0.7151.68 (2989ffee9373..., userDataDir: C:\Users\Vaibhav\AppData\Lo...}, fedcm:accounts: true, goog:chromeOptions: {debuggerAddress: localhost:50649}, networkConnectionEnabled: false, pageLoadStrategy: normal, platformName: windows, proxy: Proxy(), se:cdp: ws://localhost:50649/devtoo..., se:cdpVersion: 137.0.7151.69, setWindowRect: true, strictFileInteractability: false, timeouts: {implicit: 0, pageLoad: 300000, script: 30000}, unhandledPromptBehavior: dismiss and notify, webauthn:extension:credBlob: true, webauthn:extension:largeBlob: true, webauthn:extension:minPinLength: true, webauthn:extension:prf: true, webauthn:virtualAuthenticators: true}
Session ID: 138bf001973d3d9f816f03e7813dcd1f
at org.testng.Assert.fail(Assert.java:111)
at testCases.HRMS.SelfService.VerifyRejectWorkflowTest.verifyRejectWorkflow(VerifyRejectWorkflowTest.java:77)
at java.base/jdk.internal.reflect.DirectMethodHandleAccessor.invoke(DirectMethodHandleAccessor.java:103)
at java.base/java.lang.reflect.Method.invoke(Method.java:580)
at org.testng.internal.invokers.MethodInvocationHelper.invokeMethod(MethodInvocationHelper.java:141)
at org.testng.internal.invokers.TestInvoker.invokeMethod(TestInvoker.java:686)
at org.testng.internal.invokers.TestInvoker.invokeTestMethod(TestInvoker.java:230)
at org.testng.internal.invokers.MethodRunner.runInSequence(MethodRunner.java:63)
at org.testng.internal.invokers.TestInvoker$MethodInvocationAgent.invoke(TestInvoker.java:992)
at org.testng.internal.invokers.TestInvoker.invokeTestMethods(TestInvoker.java:203)
at org.testng.internal.invokers.TestMethodWorker.invokeTestMethods(TestMethodWorker.java:154)
at org.testng.internal.invokers.TestMethodWorker.run(TestMethodWorker.java:134)
at java.base/java.util.ArrayList.forEach(ArrayList.java:1596)
at org.testng.TestRunner.privateRun(TestRunner.java:739)
at org.testng.TestRunner.run(TestRunner.java:614)
at org.testng.SuiteRunner.runTest(SuiteRunner.java:421)
at org.testng.SuiteRunner.runSequentially(SuiteRunner.java:413)
at org.testng.SuiteRunner.privateRun(SuiteRunner.java:373)
at org.testng.SuiteRunner.run(SuiteRunner.java:312)
at org.testng.SuiteRunnerWorker.runSuite(SuiteRunnerWorker.java:52)
at org.testng.SuiteRunnerWorker.run(SuiteRunnerWorker.java:95)
at org.testng.TestNG.runSuitesSequentially(TestNG.java:1274)
at org.testng.TestNG.runSuitesLocally(TestNG.java:1208)
at org.testng.TestNG.runSuites(TestNG.java:1112)
at org.testng.TestNG.run(TestNG.java:1079)
at org.testng.remote.AbstractRemoteTestNG.run(AbstractRemoteTestNG.java:115)
at org.testng.remote.RemoteTestNG.initAndRun(RemoteTestNG.java:293)
at org.testng.remote.RemoteTestNG.main(RemoteTestNG.java:91)
]]>
            </full-stacktrace>
          </exception> <!-- java.lang.AssertionError -->
          <reporter-output>
          </reporter-output>
        </test-method> <!-- verifyRejectWorkflow -->
        <test-method is-config="true" signature="afterMethod()[pri:0, instance:testCases.HRMS.SelfService.VerifyRejectWorkflowTest@51e8e6e6]" started-at="2025-06-07T17:39:40 IST" name="afterMethod" finished-at="2025-06-07T17:39:40 IST" duration-ms="1" status="PASS">
          <reporter-output>
          </reporter-output>
        </test-method> <!-- afterMethod -->
        <test-method is-config="true" signature="login()[pri:0, instance:testCases.HRMS.SelfService.VerifyRejectWorkflowTest@51e8e6e6]" started-at="2025-06-07T17:39:40 IST" name="login" finished-at="2025-06-07T17:39:50 IST" duration-ms="10042" status="FAIL">
          <exception class="org.openqa.selenium.NoSuchElementException">
            <message>
              <![CDATA[no such element: Unable to locate element: {"method":"xpath","selector":"/html[1]/body[1]/div[1]/section[2]/div[1]/div[2]/form[1]/div[1]/div[1]/div[1]/div[1]/div[1]/div[1]/div[1]/div[1]/div[1]/div[1]/div[1]/input[1]"}
  (Session info: chrome=137.0.7151.69)
For documentation on this error, please visit: https://www.selenium.dev/documentation/webdriver/troubleshooting/errors#no-such-element-exception
Build info: version: '4.31.0', revision: '1ef9f18787*'
System info: os.name: 'Windows 11', os.arch: 'amd64', os.version: '10.0', java.version: '21.0.3'
Driver info: org.openqa.selenium.chrome.ChromeDriver
Command: [138bf001973d3d9f816f03e7813dcd1f, findElement {value=/html[1]/body[1]/div[1]/section[2]/div[1]/div[2]/form[1]/div[1]/div[1]/div[1]/div[1]/div[1]/div[1]/div[1]/div[1]/div[1]/div[1]/div[1]/input[1], using=xpath}]
Capabilities {acceptInsecureCerts: false, browserName: chrome, browserVersion: 137.0.7151.69, chrome: {chromedriverVersion: 137.0.7151.68 (2989ffee9373..., userDataDir: C:\Users\Vaibhav\AppData\Lo...}, fedcm:accounts: true, goog:chromeOptions: {debuggerAddress: localhost:50649}, networkConnectionEnabled: false, pageLoadStrategy: normal, platformName: windows, proxy: Proxy(), se:cdp: ws://localhost:50649/devtoo..., se:cdpVersion: 137.0.7151.69, setWindowRect: true, strictFileInteractability: false, timeouts: {implicit: 0, pageLoad: 300000, script: 30000}, unhandledPromptBehavior: dismiss and notify, webauthn:extension:credBlob: true, webauthn:extension:largeBlob: true, webauthn:extension:minPinLength: true, webauthn:extension:prf: true, webauthn:virtualAuthenticators: true}
Session ID: 138bf001973d3d9f816f03e7813dcd1f]]>
            </message>
            <full-stacktrace>
              <![CDATA[org.openqa.selenium.NoSuchElementException: no such element: Unable to locate element: {"method":"xpath","selector":"/html[1]/body[1]/div[1]/section[2]/div[1]/div[2]/form[1]/div[1]/div[1]/div[1]/div[1]/div[1]/div[1]/div[1]/div[1]/div[1]/div[1]/div[1]/input[1]"}
  (Session info: chrome=137.0.7151.69)
For documentation on this error, please visit: https://www.selenium.dev/documentation/webdriver/troubleshooting/errors#no-such-element-exception
Build info: version: '4.31.0', revision: '1ef9f18787*'
System info: os.name: 'Windows 11', os.arch: 'amd64', os.version: '10.0', java.version: '21.0.3'
Driver info: org.openqa.selenium.chrome.ChromeDriver
Command: [138bf001973d3d9f816f03e7813dcd1f, findElement {value=/html[1]/body[1]/div[1]/section[2]/div[1]/div[2]/form[1]/div[1]/div[1]/div[1]/div[1]/div[1]/div[1]/div[1]/div[1]/div[1]/div[1]/div[1]/input[1], using=xpath}]
Capabilities {acceptInsecureCerts: false, browserName: chrome, browserVersion: 137.0.7151.69, chrome: {chromedriverVersion: 137.0.7151.68 (2989ffee9373..., userDataDir: C:\Users\Vaibhav\AppData\Lo...}, fedcm:accounts: true, goog:chromeOptions: {debuggerAddress: localhost:50649}, networkConnectionEnabled: false, pageLoadStrategy: normal, platformName: windows, proxy: Proxy(), se:cdp: ws://localhost:50649/devtoo..., se:cdpVersion: 137.0.7151.69, setWindowRect: true, strictFileInteractability: false, timeouts: {implicit: 0, pageLoad: 300000, script: 30000}, unhandledPromptBehavior: dismiss and notify, webauthn:extension:credBlob: true, webauthn:extension:largeBlob: true, webauthn:extension:minPinLength: true, webauthn:extension:prf: true, webauthn:virtualAuthenticators: true}
Session ID: 138bf001973d3d9f816f03e7813dcd1f
at java.base/jdk.internal.reflect.DirectConstructorHandleAccessor.newInstance(DirectConstructorHandleAccessor.java:62)
at java.base/java.lang.reflect.Constructor.newInstanceWithCaller(Constructor.java:502)
at java.base/java.lang.reflect.Constructor.newInstance(Constructor.java:486)
at org.openqa.selenium.remote.ErrorCodec.decode(ErrorCodec.java:167)
at org.openqa.selenium.remote.codec.w3c.W3CHttpResponseCodec.decode(W3CHttpResponseCodec.java:138)
at org.openqa.selenium.remote.codec.w3c.W3CHttpResponseCodec.decode(W3CHttpResponseCodec.java:50)
at org.openqa.selenium.remote.HttpCommandExecutor.execute(HttpCommandExecutor.java:215)
at org.openqa.selenium.remote.service.DriverCommandExecutor.invokeExecute(DriverCommandExecutor.java:216)
at org.openqa.selenium.remote.service.DriverCommandExecutor.execute(DriverCommandExecutor.java:174)
at org.openqa.selenium.remote.RemoteWebDriver.execute(RemoteWebDriver.java:545)
at org.openqa.selenium.remote.ElementLocation$ElementFinder$2.findElement(ElementLocation.java:165)
at org.openqa.selenium.remote.ElementLocation.findElement(ElementLocation.java:59)
at org.openqa.selenium.remote.RemoteWebDriver.findElement(RemoteWebDriver.java:368)
at org.openqa.selenium.remote.RemoteWebDriver.findElement(RemoteWebDriver.java:362)
at org.openqa.selenium.support.pagefactory.DefaultElementLocator.findElement(DefaultElementLocator.java:68)
at org.openqa.selenium.support.pagefactory.internal.LocatingElementHandler.invoke(LocatingElementHandler.java:38)
at jdk.proxy2/jdk.proxy2.$Proxy31.getWrappedElement(Unknown Source)
at org.openqa.selenium.remote.WebElementToJsonConverter.apply(WebElementToJsonConverter.java:48)
at java.base/java.util.stream.ReferencePipeline$3$1.accept(ReferencePipeline.java:197)
at java.base/java.util.Spliterators$ArraySpliterator.forEachRemaining(Spliterators.java:1024)
at java.base/java.util.stream.AbstractPipeline.copyInto(AbstractPipeline.java:509)
at java.base/java.util.stream.AbstractPipeline.wrapAndCopyInto(AbstractPipeline.java:499)
at java.base/java.util.stream.ReduceOps$ReduceOp.evaluateSequential(ReduceOps.java:921)
at java.base/java.util.stream.AbstractPipeline.evaluate(AbstractPipeline.java:234)
at java.base/java.util.stream.ReferencePipeline.collect(ReferencePipeline.java:682)
at org.openqa.selenium.remote.RemoteWebDriver.executeScript(RemoteWebDriver.java:474)
at base.BasePage.highlightElement(BasePage.java:1071)
at pageObjects.HRMS.HRCore.LoginPage.setUsername(LoginPage.java:34)
at base.BaseTest.login(BaseTest.java:202)
at java.base/jdk.internal.reflect.DirectMethodHandleAccessor.invoke(DirectMethodHandleAccessor.java:103)
at java.base/java.lang.reflect.Method.invoke(Method.java:580)
at org.testng.internal.invokers.MethodInvocationHelper.invokeMethod(MethodInvocationHelper.java:141)
at org.testng.internal.invokers.MethodInvocationHelper.invokeMethodConsideringTimeout(MethodInvocationHelper.java:71)
at org.testng.internal.invokers.ConfigInvoker.invokeConfigurationMethod(ConfigInvoker.java:400)
at org.testng.internal.invokers.ConfigInvoker.invokeConfigurations(ConfigInvoker.java:333)
at org.testng.internal.invokers.TestInvoker.runConfigMethods(TestInvoker.java:833)
at org.testng.internal.invokers.TestInvoker.invokeMethod(TestInvoker.java:600)
at org.testng.internal.invokers.TestInvoker.retryFailed(TestInvoker.java:269)
at org.testng.internal.invokers.MethodRunner.runInSequence(MethodRunner.java:76)
at org.testng.internal.invokers.TestInvoker$MethodInvocationAgent.invoke(TestInvoker.java:992)
at org.testng.internal.invokers.TestInvoker.invokeTestMethods(TestInvoker.java:203)
at org.testng.internal.invokers.TestMethodWorker.invokeTestMethods(TestMethodWorker.java:154)
at org.testng.internal.invokers.TestMethodWorker.run(TestMethodWorker.java:134)
at java.base/java.util.ArrayList.forEach(ArrayList.java:1596)
at org.testng.TestRunner.privateRun(TestRunner.java:739)
at org.testng.TestRunner.run(TestRunner.java:614)
at org.testng.SuiteRunner.runTest(SuiteRunner.java:421)
at org.testng.SuiteRunner.runSequentially(SuiteRunner.java:413)
at org.testng.SuiteRunner.privateRun(SuiteRunner.java:373)
at org.testng.SuiteRunner.run(SuiteRunner.java:312)
at org.testng.SuiteRunnerWorker.runSuite(SuiteRunnerWorker.java:52)
at org.testng.SuiteRunnerWorker.run(SuiteRunnerWorker.java:95)
at org.testng.TestNG.runSuitesSequentially(TestNG.java:1274)
at org.testng.TestNG.runSuitesLocally(TestNG.java:1208)
at org.testng.TestNG.runSuites(TestNG.java:1112)
at org.testng.TestNG.run(TestNG.java:1079)
at org.testng.remote.AbstractRemoteTestNG.run(AbstractRemoteTestNG.java:115)
at org.testng.remote.RemoteTestNG.initAndRun(RemoteTestNG.java:293)
at org.testng.remote.RemoteTestNG.main(RemoteTestNG.java:91)
]]>
            </full-stacktrace>
          </exception> <!-- org.openqa.selenium.NoSuchElementException -->
          <reporter-output>
          </reporter-output>
        </test-method> <!-- login -->
        <test-method signature="verifyRejectWorkflow()[pri:0, instance:testCases.HRMS.SelfService.VerifyRejectWorkflowTest@51e8e6e6]" started-at="2025-06-07T17:39:50 IST" name="verifyRejectWorkflow" finished-at="2025-06-07T17:40:22 IST" duration-ms="31445" status="FAIL">
          <exception class="java.lang.AssertionError">
            <message>
              <![CDATA[Test case failed: org.openqa.selenium.NoSuchElementException: no such element: Unable to locate element: {"method":"xpath","selector":"//div[@class='dx-start-datebox dx-datebox dx-textbox dx-texteditor dx-editor-outlined dx-widget dx-visibility-change-handler dx-auto-width dx-dropdowneditor dx-datebox-date dx-datebox-calendar dx-dropdowneditor-field-clickable']//input[@role='combobox']"}
  (Session info: chrome=137.0.7151.69)
For documentation on this error, please visit: https://www.selenium.dev/documentation/webdriver/troubleshooting/errors#no-such-element-exception
Build info: version: '4.31.0', revision: '1ef9f18787*'
System info: os.name: 'Windows 11', os.arch: 'amd64', os.version: '10.0', java.version: '21.0.3'
Driver info: org.openqa.selenium.chrome.ChromeDriver
Command: [138bf001973d3d9f816f03e7813dcd1f, findElement {value=//div[@class='dx-start-datebox dx-datebox dx-textbox dx-texteditor dx-editor-outlined dx-widget dx-visibility-change-handler dx-auto-width dx-dropdowneditor dx-datebox-date dx-datebox-calendar dx-dropdowneditor-field-clickable']//input[@role='combobox'], using=xpath}]
Capabilities {acceptInsecureCerts: false, browserName: chrome, browserVersion: 137.0.7151.69, chrome: {chromedriverVersion: 137.0.7151.68 (2989ffee9373..., userDataDir: C:\Users\Vaibhav\AppData\Lo...}, fedcm:accounts: true, goog:chromeOptions: {debuggerAddress: localhost:50649}, networkConnectionEnabled: false, pageLoadStrategy: normal, platformName: windows, proxy: Proxy(), se:cdp: ws://localhost:50649/devtoo..., se:cdpVersion: 137.0.7151.69, setWindowRect: true, strictFileInteractability: false, timeouts: {implicit: 0, pageLoad: 300000, script: 30000}, unhandledPromptBehavior: dismiss and notify, webauthn:extension:credBlob: true, webauthn:extension:largeBlob: true, webauthn:extension:minPinLength: true, webauthn:extension:prf: true, webauthn:virtualAuthenticators: true}
Session ID: 138bf001973d3d9f816f03e7813dcd1f]]>
            </message>
            <full-stacktrace>
              <![CDATA[java.lang.AssertionError: Test case failed: org.openqa.selenium.NoSuchElementException: no such element: Unable to locate element: {"method":"xpath","selector":"//div[@class='dx-start-datebox dx-datebox dx-textbox dx-texteditor dx-editor-outlined dx-widget dx-visibility-change-handler dx-auto-width dx-dropdowneditor dx-datebox-date dx-datebox-calendar dx-dropdowneditor-field-clickable']//input[@role='combobox']"}
  (Session info: chrome=137.0.7151.69)
For documentation on this error, please visit: https://www.selenium.dev/documentation/webdriver/troubleshooting/errors#no-such-element-exception
Build info: version: '4.31.0', revision: '1ef9f18787*'
System info: os.name: 'Windows 11', os.arch: 'amd64', os.version: '10.0', java.version: '21.0.3'
Driver info: org.openqa.selenium.chrome.ChromeDriver
Command: [138bf001973d3d9f816f03e7813dcd1f, findElement {value=//div[@class='dx-start-datebox dx-datebox dx-textbox dx-texteditor dx-editor-outlined dx-widget dx-visibility-change-handler dx-auto-width dx-dropdowneditor dx-datebox-date dx-datebox-calendar dx-dropdowneditor-field-clickable']//input[@role='combobox'], using=xpath}]
Capabilities {acceptInsecureCerts: false, browserName: chrome, browserVersion: 137.0.7151.69, chrome: {chromedriverVersion: 137.0.7151.68 (2989ffee9373..., userDataDir: C:\Users\Vaibhav\AppData\Lo...}, fedcm:accounts: true, goog:chromeOptions: {debuggerAddress: localhost:50649}, networkConnectionEnabled: false, pageLoadStrategy: normal, platformName: windows, proxy: Proxy(), se:cdp: ws://localhost:50649/devtoo..., se:cdpVersion: 137.0.7151.69, setWindowRect: true, strictFileInteractability: false, timeouts: {implicit: 0, pageLoad: 300000, script: 30000}, unhandledPromptBehavior: dismiss and notify, webauthn:extension:credBlob: true, webauthn:extension:largeBlob: true, webauthn:extension:minPinLength: true, webauthn:extension:prf: true, webauthn:virtualAuthenticators: true}
Session ID: 138bf001973d3d9f816f03e7813dcd1f
at org.testng.Assert.fail(Assert.java:111)
at testCases.HRMS.SelfService.VerifyRejectWorkflowTest.verifyRejectWorkflow(VerifyRejectWorkflowTest.java:77)
at java.base/jdk.internal.reflect.DirectMethodHandleAccessor.invoke(DirectMethodHandleAccessor.java:103)
at java.base/java.lang.reflect.Method.invoke(Method.java:580)
at org.testng.internal.invokers.MethodInvocationHelper.invokeMethod(MethodInvocationHelper.java:141)
at org.testng.internal.invokers.TestInvoker.invokeMethod(TestInvoker.java:686)
at org.testng.internal.invokers.TestInvoker.retryFailed(TestInvoker.java:269)
at org.testng.internal.invokers.MethodRunner.runInSequence(MethodRunner.java:76)
at org.testng.internal.invokers.TestInvoker$MethodInvocationAgent.invoke(TestInvoker.java:992)
at org.testng.internal.invokers.TestInvoker.invokeTestMethods(TestInvoker.java:203)
at org.testng.internal.invokers.TestMethodWorker.invokeTestMethods(TestMethodWorker.java:154)
at org.testng.internal.invokers.TestMethodWorker.run(TestMethodWorker.java:134)
at java.base/java.util.ArrayList.forEach(ArrayList.java:1596)
at org.testng.TestRunner.privateRun(TestRunner.java:739)
at org.testng.TestRunner.run(TestRunner.java:614)
at org.testng.SuiteRunner.runTest(SuiteRunner.java:421)
at org.testng.SuiteRunner.runSequentially(SuiteRunner.java:413)
at org.testng.SuiteRunner.privateRun(SuiteRunner.java:373)
at org.testng.SuiteRunner.run(SuiteRunner.java:312)
at org.testng.SuiteRunnerWorker.runSuite(SuiteRunnerWorker.java:52)
at org.testng.SuiteRunnerWorker.run(SuiteRunnerWorker.java:95)
at org.testng.TestNG.runSuitesSequentially(TestNG.java:1274)
at org.testng.TestNG.runSuitesLocally(TestNG.java:1208)
at org.testng.TestNG.runSuites(TestNG.java:1112)
at org.testng.TestNG.run(TestNG.java:1079)
at org.testng.remote.AbstractRemoteTestNG.run(AbstractRemoteTestNG.java:115)
at org.testng.remote.RemoteTestNG.initAndRun(RemoteTestNG.java:293)
at org.testng.remote.RemoteTestNG.main(RemoteTestNG.java:91)
]]>
            </full-stacktrace>
          </exception> <!-- java.lang.AssertionError -->
          <reporter-output>
          </reporter-output>
        </test-method> <!-- verifyRejectWorkflow -->
        <test-method is-config="true" signature="teardown()[pri:0, instance:testCases.HRMS.SelfService.VerifyRejectWorkflowTest@51e8e6e6]" started-at="2025-06-07T17:40:22 IST" name="teardown" finished-at="2025-06-07T17:40:22 IST" duration-ms="0" status="SKIP">
          <reporter-output>
          </reporter-output>
        </test-method> <!-- teardown -->
        <test-method is-config="true" signature="afterMethod()[pri:0, instance:testCases.HRMS.SelfService.VerifyRejectWorkflowTest@51e8e6e6]" started-at="2025-06-07T17:40:22 IST" name="afterMethod" finished-at="2025-06-07T17:40:22 IST" duration-ms="0" status="SKIP">
          <reporter-output>
          </reporter-output>
        </test-method> <!-- afterMethod -->
      </class> <!-- testCases.HRMS.SelfService.VerifyRejectWorkflowTest -->
      <class name="testCases.HRMS.SelfService.DeleteITSupportRequestTest">
        <test-method is-config="true" signature="setup(java.lang.String,java.lang.String)[pri:0, instance:testCases.HRMS.SelfService.DeleteITSupportRequestTest@1c80e49b]" started-at="2025-06-07T17:33:43 IST" name="setup" finished-at="2025-06-07T17:33:58 IST" duration-ms="14550" status="PASS">
          <params>
            <param index="0">
              <value>
                <![CDATA[windows]]>
              </value>
            </param>
            <param index="1">
              <value>
                <![CDATA[chrome]]>
              </value>
            </param>
          </params>
          <reporter-output>
          </reporter-output>
        </test-method> <!-- setup -->
        <test-method is-config="true" signature="login()[pri:0, instance:testCases.HRMS.SelfService.DeleteITSupportRequestTest@1c80e49b]" started-at="2025-06-07T17:33:58 IST" name="login" finished-at="2025-06-07T17:34:06 IST" duration-ms="8323" status="PASS">
          <reporter-output>
          </reporter-output>
        </test-method> <!-- login -->
        <test-method retried="true" signature="deleteITSupportRequest()[pri:0, instance:testCases.HRMS.SelfService.DeleteITSupportRequestTest@1c80e49b]" started-at="2025-06-07T17:34:06 IST" name="deleteITSupportRequest" finished-at="2025-06-07T17:34:25 IST" duration-ms="19128" status="SKIP">
          <exception class="java.lang.AssertionError">
            <message>
              <![CDATA[Vaibhav- There is no active records..]]>
            </message>
            <full-stacktrace>
              <![CDATA[java.lang.AssertionError: Vaibhav- There is no active records..
at org.testng.Assert.fail(Assert.java:111)
at base.BasePage.deleteTxn(BasePage.java:422)
at testCases.HRMS.SelfService.DeleteITSupportRequestTest.deleteITSupportRequest(DeleteITSupportRequestTest.java:36)
at java.base/jdk.internal.reflect.DirectMethodHandleAccessor.invoke(DirectMethodHandleAccessor.java:103)
at java.base/java.lang.reflect.Method.invoke(Method.java:580)
at org.testng.internal.invokers.MethodInvocationHelper.invokeMethod(MethodInvocationHelper.java:141)
at org.testng.internal.invokers.TestInvoker.invokeMethod(TestInvoker.java:686)
at org.testng.internal.invokers.TestInvoker.invokeTestMethod(TestInvoker.java:230)
at org.testng.internal.invokers.MethodRunner.runInSequence(MethodRunner.java:63)
at org.testng.internal.invokers.TestInvoker$MethodInvocationAgent.invoke(TestInvoker.java:992)
at org.testng.internal.invokers.TestInvoker.invokeTestMethods(TestInvoker.java:203)
at org.testng.internal.invokers.TestMethodWorker.invokeTestMethods(TestMethodWorker.java:154)
at org.testng.internal.invokers.TestMethodWorker.run(TestMethodWorker.java:134)
at java.base/java.util.ArrayList.forEach(ArrayList.java:1596)
at org.testng.TestRunner.privateRun(TestRunner.java:739)
at org.testng.TestRunner.run(TestRunner.java:614)
at org.testng.SuiteRunner.runTest(SuiteRunner.java:421)
at org.testng.SuiteRunner.runSequentially(SuiteRunner.java:413)
at org.testng.SuiteRunner.privateRun(SuiteRunner.java:373)
at org.testng.SuiteRunner.run(SuiteRunner.java:312)
at org.testng.SuiteRunnerWorker.runSuite(SuiteRunnerWorker.java:52)
at org.testng.SuiteRunnerWorker.run(SuiteRunnerWorker.java:95)
at org.testng.TestNG.runSuitesSequentially(TestNG.java:1274)
at org.testng.TestNG.runSuitesLocally(TestNG.java:1208)
at org.testng.TestNG.runSuites(TestNG.java:1112)
at org.testng.TestNG.run(TestNG.java:1079)
at org.testng.remote.AbstractRemoteTestNG.run(AbstractRemoteTestNG.java:115)
at org.testng.remote.RemoteTestNG.initAndRun(RemoteTestNG.java:293)
at org.testng.remote.RemoteTestNG.main(RemoteTestNG.java:91)
]]>
            </full-stacktrace>
          </exception> <!-- java.lang.AssertionError -->
          <reporter-output>
          </reporter-output>
        </test-method> <!-- deleteITSupportRequest -->
        <test-method is-config="true" signature="afterMethod()[pri:0, instance:testCases.HRMS.SelfService.DeleteITSupportRequestTest@1c80e49b]" started-at="2025-06-07T17:34:25 IST" name="afterMethod" finished-at="2025-06-07T17:34:25 IST" duration-ms="1" status="PASS">
          <reporter-output>
          </reporter-output>
        </test-method> <!-- afterMethod -->
        <test-method is-config="true" signature="login()[pri:0, instance:testCases.HRMS.SelfService.DeleteITSupportRequestTest@1c80e49b]" started-at="2025-06-07T17:34:25 IST" name="login" finished-at="2025-06-07T17:34:35 IST" duration-ms="10023" status="FAIL">
          <exception class="org.openqa.selenium.NoSuchElementException">
            <message>
              <![CDATA[no such element: Unable to locate element: {"method":"xpath","selector":"/html[1]/body[1]/div[1]/section[2]/div[1]/div[2]/form[1]/div[1]/div[1]/div[1]/div[1]/div[1]/div[1]/div[1]/div[1]/div[1]/div[1]/div[1]/input[1]"}
  (Session info: chrome=137.0.7151.69)
For documentation on this error, please visit: https://www.selenium.dev/documentation/webdriver/troubleshooting/errors#no-such-element-exception
Build info: version: '4.31.0', revision: '1ef9f18787*'
System info: os.name: 'Windows 11', os.arch: 'amd64', os.version: '10.0', java.version: '21.0.3'
Driver info: org.openqa.selenium.chrome.ChromeDriver
Command: [9868235a1eddb54dc5faf960437c9bd0, findElement {value=/html[1]/body[1]/div[1]/section[2]/div[1]/div[2]/form[1]/div[1]/div[1]/div[1]/div[1]/div[1]/div[1]/div[1]/div[1]/div[1]/div[1]/div[1]/input[1], using=xpath}]
Capabilities {acceptInsecureCerts: false, browserName: chrome, browserVersion: 137.0.7151.69, chrome: {chromedriverVersion: 137.0.7151.68 (2989ffee9373..., userDataDir: C:\Users\Vaibhav\AppData\Lo...}, fedcm:accounts: true, goog:chromeOptions: {debuggerAddress: localhost:49723}, networkConnectionEnabled: false, pageLoadStrategy: normal, platformName: windows, proxy: Proxy(), se:cdp: ws://localhost:49723/devtoo..., se:cdpVersion: 137.0.7151.69, setWindowRect: true, strictFileInteractability: false, timeouts: {implicit: 0, pageLoad: 300000, script: 30000}, unhandledPromptBehavior: dismiss and notify, webauthn:extension:credBlob: true, webauthn:extension:largeBlob: true, webauthn:extension:minPinLength: true, webauthn:extension:prf: true, webauthn:virtualAuthenticators: true}
Session ID: 9868235a1eddb54dc5faf960437c9bd0]]>
            </message>
            <full-stacktrace>
              <![CDATA[org.openqa.selenium.NoSuchElementException: no such element: Unable to locate element: {"method":"xpath","selector":"/html[1]/body[1]/div[1]/section[2]/div[1]/div[2]/form[1]/div[1]/div[1]/div[1]/div[1]/div[1]/div[1]/div[1]/div[1]/div[1]/div[1]/div[1]/input[1]"}
  (Session info: chrome=137.0.7151.69)
For documentation on this error, please visit: https://www.selenium.dev/documentation/webdriver/troubleshooting/errors#no-such-element-exception
Build info: version: '4.31.0', revision: '1ef9f18787*'
System info: os.name: 'Windows 11', os.arch: 'amd64', os.version: '10.0', java.version: '21.0.3'
Driver info: org.openqa.selenium.chrome.ChromeDriver
Command: [9868235a1eddb54dc5faf960437c9bd0, findElement {value=/html[1]/body[1]/div[1]/section[2]/div[1]/div[2]/form[1]/div[1]/div[1]/div[1]/div[1]/div[1]/div[1]/div[1]/div[1]/div[1]/div[1]/div[1]/input[1], using=xpath}]
Capabilities {acceptInsecureCerts: false, browserName: chrome, browserVersion: 137.0.7151.69, chrome: {chromedriverVersion: 137.0.7151.68 (2989ffee9373..., userDataDir: C:\Users\Vaibhav\AppData\Lo...}, fedcm:accounts: true, goog:chromeOptions: {debuggerAddress: localhost:49723}, networkConnectionEnabled: false, pageLoadStrategy: normal, platformName: windows, proxy: Proxy(), se:cdp: ws://localhost:49723/devtoo..., se:cdpVersion: 137.0.7151.69, setWindowRect: true, strictFileInteractability: false, timeouts: {implicit: 0, pageLoad: 300000, script: 30000}, unhandledPromptBehavior: dismiss and notify, webauthn:extension:credBlob: true, webauthn:extension:largeBlob: true, webauthn:extension:minPinLength: true, webauthn:extension:prf: true, webauthn:virtualAuthenticators: true}
Session ID: 9868235a1eddb54dc5faf960437c9bd0
at java.base/jdk.internal.reflect.DirectConstructorHandleAccessor.newInstance(DirectConstructorHandleAccessor.java:62)
at java.base/java.lang.reflect.Constructor.newInstanceWithCaller(Constructor.java:502)
at java.base/java.lang.reflect.Constructor.newInstance(Constructor.java:486)
at org.openqa.selenium.remote.ErrorCodec.decode(ErrorCodec.java:167)
at org.openqa.selenium.remote.codec.w3c.W3CHttpResponseCodec.decode(W3CHttpResponseCodec.java:138)
at org.openqa.selenium.remote.codec.w3c.W3CHttpResponseCodec.decode(W3CHttpResponseCodec.java:50)
at org.openqa.selenium.remote.HttpCommandExecutor.execute(HttpCommandExecutor.java:215)
at org.openqa.selenium.remote.service.DriverCommandExecutor.invokeExecute(DriverCommandExecutor.java:216)
at org.openqa.selenium.remote.service.DriverCommandExecutor.execute(DriverCommandExecutor.java:174)
at org.openqa.selenium.remote.RemoteWebDriver.execute(RemoteWebDriver.java:545)
at org.openqa.selenium.remote.ElementLocation$ElementFinder$2.findElement(ElementLocation.java:165)
at org.openqa.selenium.remote.ElementLocation.findElement(ElementLocation.java:59)
at org.openqa.selenium.remote.RemoteWebDriver.findElement(RemoteWebDriver.java:368)
at org.openqa.selenium.remote.RemoteWebDriver.findElement(RemoteWebDriver.java:362)
at org.openqa.selenium.support.pagefactory.DefaultElementLocator.findElement(DefaultElementLocator.java:68)
at org.openqa.selenium.support.pagefactory.internal.LocatingElementHandler.invoke(LocatingElementHandler.java:38)
at jdk.proxy2/jdk.proxy2.$Proxy31.getWrappedElement(Unknown Source)
at org.openqa.selenium.remote.WebElementToJsonConverter.apply(WebElementToJsonConverter.java:48)
at java.base/java.util.stream.ReferencePipeline$3$1.accept(ReferencePipeline.java:197)
at java.base/java.util.Spliterators$ArraySpliterator.forEachRemaining(Spliterators.java:1024)
at java.base/java.util.stream.AbstractPipeline.copyInto(AbstractPipeline.java:509)
at java.base/java.util.stream.AbstractPipeline.wrapAndCopyInto(AbstractPipeline.java:499)
at java.base/java.util.stream.ReduceOps$ReduceOp.evaluateSequential(ReduceOps.java:921)
at java.base/java.util.stream.AbstractPipeline.evaluate(AbstractPipeline.java:234)
at java.base/java.util.stream.ReferencePipeline.collect(ReferencePipeline.java:682)
at org.openqa.selenium.remote.RemoteWebDriver.executeScript(RemoteWebDriver.java:474)
at base.BasePage.highlightElement(BasePage.java:1071)
at pageObjects.HRMS.HRCore.LoginPage.setUsername(LoginPage.java:34)
at base.BaseTest.login(BaseTest.java:202)
at java.base/jdk.internal.reflect.DirectMethodHandleAccessor.invoke(DirectMethodHandleAccessor.java:103)
at java.base/java.lang.reflect.Method.invoke(Method.java:580)
at org.testng.internal.invokers.MethodInvocationHelper.invokeMethod(MethodInvocationHelper.java:141)
at org.testng.internal.invokers.MethodInvocationHelper.invokeMethodConsideringTimeout(MethodInvocationHelper.java:71)
at org.testng.internal.invokers.ConfigInvoker.invokeConfigurationMethod(ConfigInvoker.java:400)
at org.testng.internal.invokers.ConfigInvoker.invokeConfigurations(ConfigInvoker.java:333)
at org.testng.internal.invokers.TestInvoker.runConfigMethods(TestInvoker.java:833)
at org.testng.internal.invokers.TestInvoker.invokeMethod(TestInvoker.java:600)
at org.testng.internal.invokers.TestInvoker.retryFailed(TestInvoker.java:269)
at org.testng.internal.invokers.MethodRunner.runInSequence(MethodRunner.java:76)
at org.testng.internal.invokers.TestInvoker$MethodInvocationAgent.invoke(TestInvoker.java:992)
at org.testng.internal.invokers.TestInvoker.invokeTestMethods(TestInvoker.java:203)
at org.testng.internal.invokers.TestMethodWorker.invokeTestMethods(TestMethodWorker.java:154)
at org.testng.internal.invokers.TestMethodWorker.run(TestMethodWorker.java:134)
at java.base/java.util.ArrayList.forEach(ArrayList.java:1596)
at org.testng.TestRunner.privateRun(TestRunner.java:739)
at org.testng.TestRunner.run(TestRunner.java:614)
at org.testng.SuiteRunner.runTest(SuiteRunner.java:421)
at org.testng.SuiteRunner.runSequentially(SuiteRunner.java:413)
at org.testng.SuiteRunner.privateRun(SuiteRunner.java:373)
at org.testng.SuiteRunner.run(SuiteRunner.java:312)
at org.testng.SuiteRunnerWorker.runSuite(SuiteRunnerWorker.java:52)
at org.testng.SuiteRunnerWorker.run(SuiteRunnerWorker.java:95)
at org.testng.TestNG.runSuitesSequentially(TestNG.java:1274)
at org.testng.TestNG.runSuitesLocally(TestNG.java:1208)
at org.testng.TestNG.runSuites(TestNG.java:1112)
at org.testng.TestNG.run(TestNG.java:1079)
at org.testng.remote.AbstractRemoteTestNG.run(AbstractRemoteTestNG.java:115)
at org.testng.remote.RemoteTestNG.initAndRun(RemoteTestNG.java:293)
at org.testng.remote.RemoteTestNG.main(RemoteTestNG.java:91)
]]>
            </full-stacktrace>
          </exception> <!-- org.openqa.selenium.NoSuchElementException -->
          <reporter-output>
          </reporter-output>
        </test-method> <!-- login -->
        <test-method signature="deleteITSupportRequest()[pri:0, instance:testCases.HRMS.SelfService.DeleteITSupportRequestTest@1c80e49b]" started-at="2025-06-07T17:34:35 IST" name="deleteITSupportRequest" finished-at="2025-06-07T17:34:53 IST" duration-ms="17444" status="FAIL">
          <exception class="java.lang.AssertionError">
            <message>
              <![CDATA[Vaibhav- There is no active records..]]>
            </message>
            <full-stacktrace>
              <![CDATA[java.lang.AssertionError: Vaibhav- There is no active records..
at org.testng.Assert.fail(Assert.java:111)
at base.BasePage.deleteTxn(BasePage.java:422)
at testCases.HRMS.SelfService.DeleteITSupportRequestTest.deleteITSupportRequest(DeleteITSupportRequestTest.java:36)
at java.base/jdk.internal.reflect.DirectMethodHandleAccessor.invoke(DirectMethodHandleAccessor.java:103)
at java.base/java.lang.reflect.Method.invoke(Method.java:580)
at org.testng.internal.invokers.MethodInvocationHelper.invokeMethod(MethodInvocationHelper.java:141)
at org.testng.internal.invokers.TestInvoker.invokeMethod(TestInvoker.java:686)
at org.testng.internal.invokers.TestInvoker.retryFailed(TestInvoker.java:269)
at org.testng.internal.invokers.MethodRunner.runInSequence(MethodRunner.java:76)
at org.testng.internal.invokers.TestInvoker$MethodInvocationAgent.invoke(TestInvoker.java:992)
at org.testng.internal.invokers.TestInvoker.invokeTestMethods(TestInvoker.java:203)
at org.testng.internal.invokers.TestMethodWorker.invokeTestMethods(TestMethodWorker.java:154)
at org.testng.internal.invokers.TestMethodWorker.run(TestMethodWorker.java:134)
at java.base/java.util.ArrayList.forEach(ArrayList.java:1596)
at org.testng.TestRunner.privateRun(TestRunner.java:739)
at org.testng.TestRunner.run(TestRunner.java:614)
at org.testng.SuiteRunner.runTest(SuiteRunner.java:421)
at org.testng.SuiteRunner.runSequentially(SuiteRunner.java:413)
at org.testng.SuiteRunner.privateRun(SuiteRunner.java:373)
at org.testng.SuiteRunner.run(SuiteRunner.java:312)
at org.testng.SuiteRunnerWorker.runSuite(SuiteRunnerWorker.java:52)
at org.testng.SuiteRunnerWorker.run(SuiteRunnerWorker.java:95)
at org.testng.TestNG.runSuitesSequentially(TestNG.java:1274)
at org.testng.TestNG.runSuitesLocally(TestNG.java:1208)
at org.testng.TestNG.runSuites(TestNG.java:1112)
at org.testng.TestNG.run(TestNG.java:1079)
at org.testng.remote.AbstractRemoteTestNG.run(AbstractRemoteTestNG.java:115)
at org.testng.remote.RemoteTestNG.initAndRun(RemoteTestNG.java:293)
at org.testng.remote.RemoteTestNG.main(RemoteTestNG.java:91)
]]>
            </full-stacktrace>
          </exception> <!-- java.lang.AssertionError -->
          <reporter-output>
          </reporter-output>
        </test-method> <!-- deleteITSupportRequest -->
        <test-method is-config="true" signature="afterMethod()[pri:0, instance:testCases.HRMS.SelfService.DeleteITSupportRequestTest@1c80e49b]" started-at="2025-06-07T17:34:53 IST" name="afterMethod" finished-at="2025-06-07T17:34:53 IST" duration-ms="0" status="SKIP">
          <reporter-output>
          </reporter-output>
        </test-method> <!-- afterMethod -->
        <test-method is-config="true" signature="teardown()[pri:0, instance:testCases.HRMS.SelfService.DeleteITSupportRequestTest@1c80e49b]" started-at="2025-06-07T17:34:53 IST" name="teardown" finished-at="2025-06-07T17:34:53 IST" duration-ms="0" status="SKIP">
          <reporter-output>
          </reporter-output>
        </test-method> <!-- teardown -->
      </class> <!-- testCases.HRMS.SelfService.DeleteITSupportRequestTest -->
      <class name="testCases.HRMS.Attendance.CreateNightShiftTimetableTest">
        <test-method is-config="true" signature="setup(java.lang.String,java.lang.String)[pri:0, instance:testCases.HRMS.Attendance.CreateNightShiftTimetableTest@20b5f2ac]" started-at="2025-06-07T17:43:46 IST" name="setup" finished-at="2025-06-07T17:44:01 IST" duration-ms="14745" status="PASS">
          <params>
            <param index="0">
              <value>
                <![CDATA[windows]]>
              </value>
            </param>
            <param index="1">
              <value>
                <![CDATA[chrome]]>
              </value>
            </param>
          </params>
          <reporter-output>
          </reporter-output>
        </test-method> <!-- setup -->
        <test-method is-config="true" signature="login()[pri:0, instance:testCases.HRMS.Attendance.CreateNightShiftTimetableTest@20b5f2ac]" started-at="2025-06-07T17:44:01 IST" name="login" finished-at="2025-06-07T17:44:10 IST" duration-ms="9588" status="PASS">
          <reporter-output>
          </reporter-output>
        </test-method> <!-- login -->
        <test-method signature="createNightShiftTimetable()[pri:0, instance:testCases.HRMS.Attendance.CreateNightShiftTimetableTest@20b5f2ac]" started-at="2025-06-07T17:44:10 IST" name="createNightShiftTimetable" finished-at="2025-06-07T17:44:34 IST" duration-ms="24183" status="PASS">
          <reporter-output>
          </reporter-output>
        </test-method> <!-- createNightShiftTimetable -->
        <test-method is-config="true" signature="afterMethod()[pri:0, instance:testCases.HRMS.Attendance.CreateNightShiftTimetableTest@20b5f2ac]" started-at="2025-06-07T17:44:34 IST" name="afterMethod" finished-at="2025-06-07T17:44:34 IST" duration-ms="0" status="PASS">
          <reporter-output>
          </reporter-output>
        </test-method> <!-- afterMethod -->
        <test-method is-config="true" signature="teardown()[pri:0, instance:testCases.HRMS.Attendance.CreateNightShiftTimetableTest@20b5f2ac]" started-at="2025-06-07T17:44:34 IST" name="teardown" finished-at="2025-06-07T17:44:34 IST" duration-ms="215" status="PASS">
          <reporter-output>
          </reporter-output>
        </test-method> <!-- teardown -->
      </class> <!-- testCases.HRMS.Attendance.CreateNightShiftTimetableTest -->
      <class name="testCases.HRMS.Attendance.DeleteStrictDayShiftTimetableTest">
        <test-method is-config="true" signature="setup(java.lang.String,java.lang.String)[pri:0, instance:testCases.HRMS.Attendance.DeleteStrictDayShiftTimetableTest@47dbb1e2]" started-at="2025-06-07T17:49:00 IST" name="setup" finished-at="2025-06-07T17:49:14 IST" duration-ms="14508" status="PASS">
          <params>
            <param index="0">
              <value>
                <![CDATA[windows]]>
              </value>
            </param>
            <param index="1">
              <value>
                <![CDATA[chrome]]>
              </value>
            </param>
          </params>
          <reporter-output>
          </reporter-output>
        </test-method> <!-- setup -->
        <test-method is-config="true" signature="login()[pri:0, instance:testCases.HRMS.Attendance.DeleteStrictDayShiftTimetableTest@47dbb1e2]" started-at="2025-06-07T17:49:14 IST" name="login" finished-at="2025-06-07T17:49:23 IST" duration-ms="8196" status="PASS">
          <reporter-output>
          </reporter-output>
        </test-method> <!-- login -->
        <test-method signature="deleteStrictDayShiftTimetable()[pri:0, instance:testCases.HRMS.Attendance.DeleteStrictDayShiftTimetableTest@47dbb1e2]" started-at="2025-06-07T17:49:23 IST" name="deleteStrictDayShiftTimetable" finished-at="2025-06-07T17:49:51 IST" duration-ms="28646" status="PASS">
          <reporter-output>
          </reporter-output>
        </test-method> <!-- deleteStrictDayShiftTimetable -->
        <test-method is-config="true" signature="afterMethod()[pri:0, instance:testCases.HRMS.Attendance.DeleteStrictDayShiftTimetableTest@47dbb1e2]" started-at="2025-06-07T17:49:51 IST" name="afterMethod" finished-at="2025-06-07T17:49:51 IST" duration-ms="0" status="PASS">
          <reporter-output>
          </reporter-output>
        </test-method> <!-- afterMethod -->
        <test-method is-config="true" signature="teardown()[pri:0, instance:testCases.HRMS.Attendance.DeleteStrictDayShiftTimetableTest@47dbb1e2]" started-at="2025-06-07T17:49:51 IST" name="teardown" finished-at="2025-06-07T17:49:52 IST" duration-ms="294" status="PASS">
          <reporter-output>
          </reporter-output>
        </test-method> <!-- teardown -->
      </class> <!-- testCases.HRMS.Attendance.DeleteStrictDayShiftTimetableTest -->
      <class name="testCases.HRMS.HRCore.CreateDesignationTest">
        <test-method is-config="true" signature="setup(java.lang.String,java.lang.String)[pri:0, instance:testCases.HRMS.HRCore.CreateDesignationTest@2dbe250d]" started-at="2025-06-07T16:59:44 IST" name="setup" finished-at="2025-06-07T16:59:58 IST" duration-ms="14637" status="PASS">
          <params>
            <param index="0">
              <value>
                <![CDATA[windows]]>
              </value>
            </param>
            <param index="1">
              <value>
                <![CDATA[chrome]]>
              </value>
            </param>
          </params>
          <reporter-output>
          </reporter-output>
        </test-method> <!-- setup -->
        <test-method is-config="true" signature="login()[pri:0, instance:testCases.HRMS.HRCore.CreateDesignationTest@2dbe250d]" started-at="2025-06-07T16:59:58 IST" name="login" finished-at="2025-06-07T17:00:06 IST" duration-ms="8111" status="PASS">
          <reporter-output>
          </reporter-output>
        </test-method> <!-- login -->
        <test-method signature="createDesignation()[pri:0, instance:testCases.HRMS.HRCore.CreateDesignationTest@2dbe250d]" started-at="2025-06-07T17:00:06 IST" name="createDesignation" finished-at="2025-06-07T17:00:17 IST" duration-ms="10538" status="PASS">
          <reporter-output>
          </reporter-output>
        </test-method> <!-- createDesignation -->
        <test-method is-config="true" signature="afterMethod()[pri:0, instance:testCases.HRMS.HRCore.CreateDesignationTest@2dbe250d]" started-at="2025-06-07T17:00:17 IST" name="afterMethod" finished-at="2025-06-07T17:00:17 IST" duration-ms="1" status="PASS">
          <reporter-output>
          </reporter-output>
        </test-method> <!-- afterMethod -->
        <test-method is-config="true" signature="teardown()[pri:0, instance:testCases.HRMS.HRCore.CreateDesignationTest@2dbe250d]" started-at="2025-06-07T17:00:17 IST" name="teardown" finished-at="2025-06-07T17:00:17 IST" duration-ms="226" status="PASS">
          <reporter-output>
          </reporter-output>
        </test-method> <!-- teardown -->
      </class> <!-- testCases.HRMS.HRCore.CreateDesignationTest -->
      <class name="testCases.HRMS.Attendance.CreateStrictDayShiftTimetableTest">
        <test-method is-config="true" signature="setup(java.lang.String,java.lang.String)[pri:0, instance:testCases.HRMS.Attendance.CreateStrictDayShiftTimetableTest@62fad19]" started-at="2025-06-07T17:48:13 IST" name="setup" finished-at="2025-06-07T17:48:28 IST" duration-ms="14612" status="PASS">
          <params>
            <param index="0">
              <value>
                <![CDATA[windows]]>
              </value>
            </param>
            <param index="1">
              <value>
                <![CDATA[chrome]]>
              </value>
            </param>
          </params>
          <reporter-output>
          </reporter-output>
        </test-method> <!-- setup -->
        <test-method is-config="true" signature="login()[pri:0, instance:testCases.HRMS.Attendance.CreateStrictDayShiftTimetableTest@62fad19]" started-at="2025-06-07T17:48:28 IST" name="login" finished-at="2025-06-07T17:48:36 IST" duration-ms="8275" status="PASS">
          <reporter-output>
          </reporter-output>
        </test-method> <!-- login -->
        <test-method signature="createStrictDayShiftTimetable()[pri:0, instance:testCases.HRMS.Attendance.CreateStrictDayShiftTimetableTest@62fad19]" started-at="2025-06-07T17:48:36 IST" name="createStrictDayShiftTimetable" finished-at="2025-06-07T17:49:00 IST" duration-ms="23763" status="PASS">
          <reporter-output>
          </reporter-output>
        </test-method> <!-- createStrictDayShiftTimetable -->
        <test-method is-config="true" signature="afterMethod()[pri:0, instance:testCases.HRMS.Attendance.CreateStrictDayShiftTimetableTest@62fad19]" started-at="2025-06-07T17:49:00 IST" name="afterMethod" finished-at="2025-06-07T17:49:00 IST" duration-ms="1" status="PASS">
          <reporter-output>
          </reporter-output>
        </test-method> <!-- afterMethod -->
        <test-method is-config="true" signature="teardown()[pri:0, instance:testCases.HRMS.Attendance.CreateStrictDayShiftTimetableTest@62fad19]" started-at="2025-06-07T17:49:00 IST" name="teardown" finished-at="2025-06-07T17:49:00 IST" duration-ms="208" status="PASS">
          <reporter-output>
          </reporter-output>
        </test-method> <!-- teardown -->
      </class> <!-- testCases.HRMS.Attendance.CreateStrictDayShiftTimetableTest -->
      <class name="testCases.HRMS.Attendance.CreateShiftTest">
        <test-method is-config="true" signature="setup(java.lang.String,java.lang.String)[pri:0, instance:testCases.HRMS.Attendance.CreateShiftTest@2692b61e]" started-at="2025-06-07T17:46:48 IST" name="setup" finished-at="2025-06-07T17:47:03 IST" duration-ms="14857" status="PASS">
          <params>
            <param index="0">
              <value>
                <![CDATA[windows]]>
              </value>
            </param>
            <param index="1">
              <value>
                <![CDATA[chrome]]>
              </value>
            </param>
          </params>
          <reporter-output>
          </reporter-output>
        </test-method> <!-- setup -->
        <test-method is-config="true" signature="login()[pri:0, instance:testCases.HRMS.Attendance.CreateShiftTest@2692b61e]" started-at="2025-06-07T17:47:03 IST" name="login" finished-at="2025-06-07T17:47:11 IST" duration-ms="8379" status="PASS">
          <reporter-output>
          </reporter-output>
        </test-method> <!-- login -->
        <test-method signature="createShift()[pri:0, instance:testCases.HRMS.Attendance.CreateShiftTest@2692b61e]" started-at="2025-06-07T17:47:11 IST" name="createShift" finished-at="2025-06-07T17:47:24 IST" duration-ms="13305" status="PASS">
          <reporter-output>
          </reporter-output>
        </test-method> <!-- createShift -->
        <test-method is-config="true" signature="afterMethod()[pri:0, instance:testCases.HRMS.Attendance.CreateShiftTest@2692b61e]" started-at="2025-06-07T17:47:24 IST" name="afterMethod" finished-at="2025-06-07T17:47:24 IST" duration-ms="0" status="PASS">
          <reporter-output>
          </reporter-output>
        </test-method> <!-- afterMethod -->
        <test-method is-config="true" signature="teardown()[pri:0, instance:testCases.HRMS.Attendance.CreateShiftTest@2692b61e]" started-at="2025-06-07T17:47:24 IST" name="teardown" finished-at="2025-06-07T17:47:25 IST" duration-ms="212" status="PASS">
          <reporter-output>
          </reporter-output>
        </test-method> <!-- teardown -->
      </class> <!-- testCases.HRMS.Attendance.CreateShiftTest -->
      <class name="testCases.HRMS.Payroll.DeleteLeaveAdjustmentTest">
        <test-method is-config="true" signature="setup(java.lang.String,java.lang.String)[pri:0, instance:testCases.HRMS.Payroll.DeleteLeaveAdjustmentTest@7bc10d84]" started-at="2025-06-07T17:12:50 IST" name="setup" finished-at="2025-06-07T17:13:04 IST" duration-ms="14491" status="PASS">
          <params>
            <param index="0">
              <value>
                <![CDATA[windows]]>
              </value>
            </param>
            <param index="1">
              <value>
                <![CDATA[chrome]]>
              </value>
            </param>
          </params>
          <reporter-output>
          </reporter-output>
        </test-method> <!-- setup -->
        <test-method is-config="true" signature="login()[pri:0, instance:testCases.HRMS.Payroll.DeleteLeaveAdjustmentTest@7bc10d84]" started-at="2025-06-07T17:13:04 IST" name="login" finished-at="2025-06-07T17:13:13 IST" duration-ms="8469" status="PASS">
          <reporter-output>
          </reporter-output>
        </test-method> <!-- login -->
        <test-method signature="deleteLeaveAdjustment()[pri:0, instance:testCases.HRMS.Payroll.DeleteLeaveAdjustmentTest@7bc10d84]" started-at="2025-06-07T17:13:13 IST" name="deleteLeaveAdjustment" finished-at="2025-06-07T17:13:44 IST" duration-ms="30984" status="PASS">
          <reporter-output>
          </reporter-output>
        </test-method> <!-- deleteLeaveAdjustment -->
        <test-method is-config="true" signature="afterMethod()[pri:0, instance:testCases.HRMS.Payroll.DeleteLeaveAdjustmentTest@7bc10d84]" started-at="2025-06-07T17:13:44 IST" name="afterMethod" finished-at="2025-06-07T17:13:44 IST" duration-ms="0" status="PASS">
          <reporter-output>
          </reporter-output>
        </test-method> <!-- afterMethod -->
        <test-method is-config="true" signature="teardown()[pri:0, instance:testCases.HRMS.Payroll.DeleteLeaveAdjustmentTest@7bc10d84]" started-at="2025-06-07T17:13:44 IST" name="teardown" finished-at="2025-06-07T17:13:44 IST" duration-ms="266" status="PASS">
          <reporter-output>
          </reporter-output>
        </test-method> <!-- teardown -->
      </class> <!-- testCases.HRMS.Payroll.DeleteLeaveAdjustmentTest -->
      <class name="testCases.HRMS.SelfService.CreateLoanRequestTest">
        <test-method is-config="true" signature="setup(java.lang.String,java.lang.String)[pri:0, instance:testCases.HRMS.SelfService.CreateLoanRequestTest@2611b9a3]" started-at="2025-06-07T17:27:51 IST" name="setup" finished-at="2025-06-07T17:28:06 IST" duration-ms="14557" status="PASS">
          <params>
            <param index="0">
              <value>
                <![CDATA[windows]]>
              </value>
            </param>
            <param index="1">
              <value>
                <![CDATA[chrome]]>
              </value>
            </param>
          </params>
          <reporter-output>
          </reporter-output>
        </test-method> <!-- setup -->
        <test-method is-config="true" signature="login()[pri:0, instance:testCases.HRMS.SelfService.CreateLoanRequestTest@2611b9a3]" started-at="2025-06-07T17:28:06 IST" name="login" finished-at="2025-06-07T17:28:14 IST" duration-ms="8217" status="PASS">
          <reporter-output>
          </reporter-output>
        </test-method> <!-- login -->
        <test-method retried="true" signature="createLoanRequest()[pri:0, instance:testCases.HRMS.SelfService.CreateLoanRequestTest@2611b9a3]" started-at="2025-06-07T17:28:14 IST" name="createLoanRequest" finished-at="2025-06-07T17:28:36 IST" duration-ms="22223" status="SKIP">
          <exception class="java.lang.AssertionError">
            <message>
              <![CDATA[Test case failed: org.openqa.selenium.TimeoutException: Expected condition failed: waiting for base.BasePage$$Lambda/0x000001f2104178c0@59e97f75 (tried for 10 second(s) with 500 milliseconds interval)
Build info: version: '4.31.0', revision: '1ef9f18787*'
System info: os.name: 'Windows 11', os.arch: 'amd64', os.version: '10.0', java.version: '21.0.3'
Driver info: driver.version: unknown]]>
            </message>
            <full-stacktrace>
              <![CDATA[java.lang.AssertionError: Test case failed: org.openqa.selenium.TimeoutException: Expected condition failed: waiting for base.BasePage$$Lambda/0x000001f2104178c0@59e97f75 (tried for 10 second(s) with 500 milliseconds interval)
Build info: version: '4.31.0', revision: '1ef9f18787*'
System info: os.name: 'Windows 11', os.arch: 'amd64', os.version: '10.0', java.version: '21.0.3'
Driver info: driver.version: unknown
at org.testng.Assert.fail(Assert.java:111)
at testCases.HRMS.SelfService.CreateLoanRequestTest.createLoanRequest(CreateLoanRequestTest.java:49)
at java.base/jdk.internal.reflect.DirectMethodHandleAccessor.invoke(DirectMethodHandleAccessor.java:103)
at java.base/java.lang.reflect.Method.invoke(Method.java:580)
at org.testng.internal.invokers.MethodInvocationHelper.invokeMethod(MethodInvocationHelper.java:141)
at org.testng.internal.invokers.TestInvoker.invokeMethod(TestInvoker.java:686)
at org.testng.internal.invokers.TestInvoker.invokeTestMethod(TestInvoker.java:230)
at org.testng.internal.invokers.MethodRunner.runInSequence(MethodRunner.java:63)
at org.testng.internal.invokers.TestInvoker$MethodInvocationAgent.invoke(TestInvoker.java:992)
at org.testng.internal.invokers.TestInvoker.invokeTestMethods(TestInvoker.java:203)
at org.testng.internal.invokers.TestMethodWorker.invokeTestMethods(TestMethodWorker.java:154)
at org.testng.internal.invokers.TestMethodWorker.run(TestMethodWorker.java:134)
at java.base/java.util.ArrayList.forEach(ArrayList.java:1596)
at org.testng.TestRunner.privateRun(TestRunner.java:739)
at org.testng.TestRunner.run(TestRunner.java:614)
at org.testng.SuiteRunner.runTest(SuiteRunner.java:421)
at org.testng.SuiteRunner.runSequentially(SuiteRunner.java:413)
at org.testng.SuiteRunner.privateRun(SuiteRunner.java:373)
at org.testng.SuiteRunner.run(SuiteRunner.java:312)
at org.testng.SuiteRunnerWorker.runSuite(SuiteRunnerWorker.java:52)
at org.testng.SuiteRunnerWorker.run(SuiteRunnerWorker.java:95)
at org.testng.TestNG.runSuitesSequentially(TestNG.java:1274)
at org.testng.TestNG.runSuitesLocally(TestNG.java:1208)
at org.testng.TestNG.runSuites(TestNG.java:1112)
at org.testng.TestNG.run(TestNG.java:1079)
at org.testng.remote.AbstractRemoteTestNG.run(AbstractRemoteTestNG.java:115)
at org.testng.remote.RemoteTestNG.initAndRun(RemoteTestNG.java:293)
at org.testng.remote.RemoteTestNG.main(RemoteTestNG.java:91)
]]>
            </full-stacktrace>
          </exception> <!-- java.lang.AssertionError -->
          <reporter-output>
          </reporter-output>
        </test-method> <!-- createLoanRequest -->
        <test-method is-config="true" signature="afterMethod()[pri:0, instance:testCases.HRMS.SelfService.CreateLoanRequestTest@2611b9a3]" started-at="2025-06-07T17:28:36 IST" name="afterMethod" finished-at="2025-06-07T17:28:36 IST" duration-ms="1" status="PASS">
          <reporter-output>
          </reporter-output>
        </test-method> <!-- afterMethod -->
        <test-method is-config="true" signature="login()[pri:0, instance:testCases.HRMS.SelfService.CreateLoanRequestTest@2611b9a3]" started-at="2025-06-07T17:28:36 IST" name="login" finished-at="2025-06-07T17:28:46 IST" duration-ms="10019" status="FAIL">
          <exception class="org.openqa.selenium.NoSuchElementException">
            <message>
              <![CDATA[no such element: Unable to locate element: {"method":"xpath","selector":"/html[1]/body[1]/div[1]/section[2]/div[1]/div[2]/form[1]/div[1]/div[1]/div[1]/div[1]/div[1]/div[1]/div[1]/div[1]/div[1]/div[1]/div[1]/input[1]"}
  (Session info: chrome=137.0.7151.69)
For documentation on this error, please visit: https://www.selenium.dev/documentation/webdriver/troubleshooting/errors#no-such-element-exception
Build info: version: '4.31.0', revision: '1ef9f18787*'
System info: os.name: 'Windows 11', os.arch: 'amd64', os.version: '10.0', java.version: '21.0.3'
Driver info: org.openqa.selenium.chrome.ChromeDriver
Command: [a1f19829c509dd908df9b9eeabd7b467, findElement {value=/html[1]/body[1]/div[1]/section[2]/div[1]/div[2]/form[1]/div[1]/div[1]/div[1]/div[1]/div[1]/div[1]/div[1]/div[1]/div[1]/div[1]/div[1]/input[1], using=xpath}]
Capabilities {acceptInsecureCerts: false, browserName: chrome, browserVersion: 137.0.7151.69, chrome: {chromedriverVersion: 137.0.7151.68 (2989ffee9373..., userDataDir: C:\Users\Vaibhav\AppData\Lo...}, fedcm:accounts: true, goog:chromeOptions: {debuggerAddress: localhost:64833}, networkConnectionEnabled: false, pageLoadStrategy: normal, platformName: windows, proxy: Proxy(), se:cdp: ws://localhost:64833/devtoo..., se:cdpVersion: 137.0.7151.69, setWindowRect: true, strictFileInteractability: false, timeouts: {implicit: 0, pageLoad: 300000, script: 30000}, unhandledPromptBehavior: dismiss and notify, webauthn:extension:credBlob: true, webauthn:extension:largeBlob: true, webauthn:extension:minPinLength: true, webauthn:extension:prf: true, webauthn:virtualAuthenticators: true}
Session ID: a1f19829c509dd908df9b9eeabd7b467]]>
            </message>
            <full-stacktrace>
              <![CDATA[org.openqa.selenium.NoSuchElementException: no such element: Unable to locate element: {"method":"xpath","selector":"/html[1]/body[1]/div[1]/section[2]/div[1]/div[2]/form[1]/div[1]/div[1]/div[1]/div[1]/div[1]/div[1]/div[1]/div[1]/div[1]/div[1]/div[1]/input[1]"}
  (Session info: chrome=137.0.7151.69)
For documentation on this error, please visit: https://www.selenium.dev/documentation/webdriver/troubleshooting/errors#no-such-element-exception
Build info: version: '4.31.0', revision: '1ef9f18787*'
System info: os.name: 'Windows 11', os.arch: 'amd64', os.version: '10.0', java.version: '21.0.3'
Driver info: org.openqa.selenium.chrome.ChromeDriver
Command: [a1f19829c509dd908df9b9eeabd7b467, findElement {value=/html[1]/body[1]/div[1]/section[2]/div[1]/div[2]/form[1]/div[1]/div[1]/div[1]/div[1]/div[1]/div[1]/div[1]/div[1]/div[1]/div[1]/div[1]/input[1], using=xpath}]
Capabilities {acceptInsecureCerts: false, browserName: chrome, browserVersion: 137.0.7151.69, chrome: {chromedriverVersion: 137.0.7151.68 (2989ffee9373..., userDataDir: C:\Users\Vaibhav\AppData\Lo...}, fedcm:accounts: true, goog:chromeOptions: {debuggerAddress: localhost:64833}, networkConnectionEnabled: false, pageLoadStrategy: normal, platformName: windows, proxy: Proxy(), se:cdp: ws://localhost:64833/devtoo..., se:cdpVersion: 137.0.7151.69, setWindowRect: true, strictFileInteractability: false, timeouts: {implicit: 0, pageLoad: 300000, script: 30000}, unhandledPromptBehavior: dismiss and notify, webauthn:extension:credBlob: true, webauthn:extension:largeBlob: true, webauthn:extension:minPinLength: true, webauthn:extension:prf: true, webauthn:virtualAuthenticators: true}
Session ID: a1f19829c509dd908df9b9eeabd7b467
at java.base/jdk.internal.reflect.DirectConstructorHandleAccessor.newInstance(DirectConstructorHandleAccessor.java:62)
at java.base/java.lang.reflect.Constructor.newInstanceWithCaller(Constructor.java:502)
at java.base/java.lang.reflect.Constructor.newInstance(Constructor.java:486)
at org.openqa.selenium.remote.ErrorCodec.decode(ErrorCodec.java:167)
at org.openqa.selenium.remote.codec.w3c.W3CHttpResponseCodec.decode(W3CHttpResponseCodec.java:138)
at org.openqa.selenium.remote.codec.w3c.W3CHttpResponseCodec.decode(W3CHttpResponseCodec.java:50)
at org.openqa.selenium.remote.HttpCommandExecutor.execute(HttpCommandExecutor.java:215)
at org.openqa.selenium.remote.service.DriverCommandExecutor.invokeExecute(DriverCommandExecutor.java:216)
at org.openqa.selenium.remote.service.DriverCommandExecutor.execute(DriverCommandExecutor.java:174)
at org.openqa.selenium.remote.RemoteWebDriver.execute(RemoteWebDriver.java:545)
at org.openqa.selenium.remote.ElementLocation$ElementFinder$2.findElement(ElementLocation.java:165)
at org.openqa.selenium.remote.ElementLocation.findElement(ElementLocation.java:59)
at org.openqa.selenium.remote.RemoteWebDriver.findElement(RemoteWebDriver.java:368)
at org.openqa.selenium.remote.RemoteWebDriver.findElement(RemoteWebDriver.java:362)
at org.openqa.selenium.support.pagefactory.DefaultElementLocator.findElement(DefaultElementLocator.java:68)
at org.openqa.selenium.support.pagefactory.internal.LocatingElementHandler.invoke(LocatingElementHandler.java:38)
at jdk.proxy2/jdk.proxy2.$Proxy31.getWrappedElement(Unknown Source)
at org.openqa.selenium.remote.WebElementToJsonConverter.apply(WebElementToJsonConverter.java:48)
at java.base/java.util.stream.ReferencePipeline$3$1.accept(ReferencePipeline.java:197)
at java.base/java.util.Spliterators$ArraySpliterator.forEachRemaining(Spliterators.java:1024)
at java.base/java.util.stream.AbstractPipeline.copyInto(AbstractPipeline.java:509)
at java.base/java.util.stream.AbstractPipeline.wrapAndCopyInto(AbstractPipeline.java:499)
[...]
Command: [9ca1256e8f9f826c3451ff14f886d3e6, clickElement {id=f.37730CC2D3B0AC92851957686EB5A7D8.d.AC8C4071C325AAE2D3A41CFE600C9F0D.e.516}]
Capabilities {acceptInsecureCerts: false, browserName: chrome, browserVersion: 137.0.7151.69, chrome: {chromedriverVersion: 137.0.7151.68 (2989ffee9373..., userDataDir: C:\Users\Vaibhav\AppData\Lo...}, fedcm:accounts: true, goog:chromeOptions: {debuggerAddress: localhost:61774}, networkConnectionEnabled: false, pageLoadStrategy: normal, platformName: windows, proxy: Proxy(), se:cdp: ws://localhost:61774/devtoo..., se:cdpVersion: 137.0.7151.69, setWindowRect: true, strictFileInteractability: false, timeouts: {implicit: 0, pageLoad: 300000, script: 30000}, unhandledPromptBehavior: dismiss and notify, webauthn:extension:credBlob: true, webauthn:extension:largeBlob: true, webauthn:extension:minPinLength: true, webauthn:extension:prf: true, webauthn:virtualAuthenticators: true}
Element: [[ChromeDriver: chrome on windows (9ca1256e8f9f826c3451ff14f886d3e6)] -> xpath: //span[@class='dxnb-ghtext']]
Session ID: 9ca1256e8f9f826c3451ff14f886d3e6
at org.testng.Assert.fail(Assert.java:111)
at testCases.HRMS.Payroll.CreateLeaveTest.createLeave(CreateLeaveTest.java:68)
at java.base/jdk.internal.reflect.DirectMethodHandleAccessor.invoke(DirectMethodHandleAccessor.java:103)
at java.base/java.lang.reflect.Method.invoke(Method.java:580)
at org.testng.internal.invokers.MethodInvocationHelper.invokeMethod(MethodInvocationHelper.java:141)
at org.testng.internal.invokers.TestInvoker.invokeMethod(TestInvoker.java:686)
at org.testng.internal.invokers.TestInvoker.retryFailed(TestInvoker.java:269)
at org.testng.internal.invokers.MethodRunner.runInSequence(MethodRunner.java:76)
at org.testng.internal.invokers.TestInvoker$MethodInvocationAgent.invoke(TestInvoker.java:992)
at org.testng.internal.invokers.TestInvoker.invokeTestMethods(TestInvoker.java:203)
at org.testng.internal.invokers.TestMethodWorker.invokeTestMethods(TestMethodWorker.java:154)
at org.testng.internal.invokers.TestMethodWorker.run(TestMethodWorker.java:134)
at java.base/java.util.ArrayList.forEach(ArrayList.java:1596)
at org.testng.TestRunner.privateRun(TestRunner.java:739)
at org.testng.TestRunner.run(TestRunner.java:614)
at org.testng.SuiteRunner.runTest(SuiteRunner.java:421)
at org.testng.SuiteRunner.runSequentially(SuiteRunner.java:413)
at org.testng.SuiteRunner.privateRun(SuiteRunner.java:373)
at org.testng.SuiteRunner.run(SuiteRunner.java:312)
at org.testng.SuiteRunnerWorker.runSuite(SuiteRunnerWorker.java:52)
at org.testng.SuiteRunnerWorker.run(SuiteRunnerWorker.java:95)
at org.testng.TestNG.runSuitesSequentially(TestNG.java:1274)
at org.testng.TestNG.runSuitesLocally(TestNG.java:1208)
at org.testng.TestNG.runSuites(TestNG.java:1112)
at org.testng.TestNG.run(TestNG.java:1079)
at org.testng.remote.AbstractRemoteTestNG.run(AbstractRemoteTestNG.java:115)
at org.testng.remote.RemoteTestNG.initAndRun(RemoteTestNG.java:293)
at org.testng.remote.RemoteTestNG.main(RemoteTestNG.java:91)
]]>
            </full-stacktrace>
          </exception> <!-- java.lang.AssertionError -->
          <reporter-output>
          </reporter-output>
        </test-method> <!-- createLeave -->
        <test-method is-config="true" signature="afterMethod()[pri:0, instance:testCases.HRMS.Payroll.CreateLeaveTest@269f4bad]" started-at="2025-06-07T17:10:41 IST" name="afterMethod" finished-at="2025-06-07T17:10:41 IST" duration-ms="0" status="SKIP">
          <reporter-output>
          </reporter-output>
        </test-method> <!-- afterMethod -->
        <test-method is-config="true" signature="teardown()[pri:0, instance:testCases.HRMS.Payroll.CreateLeaveTest@269f4bad]" started-at="2025-06-07T17:10:41 IST" name="teardown" finished-at="2025-06-07T17:10:41 IST" duration-ms="0" status="SKIP">
          <reporter-output>
          </reporter-output>
        </test-method> <!-- teardown -->
      </class> <!-- testCases.HRMS.Payroll.CreateLeaveTest -->
      <class name="testCases.HRMS.Attendance.DeleteLenientShiftTimetableTest">
        <test-method is-config="true" signature="setup(java.lang.String,java.lang.String)[pri:0, instance:testCases.HRMS.Attendance.DeleteLenientShiftTimetableTest@2dbf4cbd]" started-at="2025-06-07T17:42:53 IST" name="setup" finished-at="2025-06-07T17:43:08 IST" duration-ms="15281" status="PASS">
          <params>
            <param index="0">
              <value>
                <![CDATA[windows]]>
              </value>
            </param>
            <param index="1">
              <value>
                <![CDATA[chrome]]>
              </value>
            </param>
          </params>
          <reporter-output>
          </reporter-output>
        </test-method> <!-- setup -->
        <test-method is-config="true" signature="login()[pri:0, instance:testCases.HRMS.Attendance.DeleteLenientShiftTimetableTest@2dbf4cbd]" started-at="2025-06-07T17:43:08 IST" name="login" finished-at="2025-06-07T17:43:17 IST" duration-ms="8248" status="PASS">
          <reporter-output>
          </reporter-output>
        </test-method> <!-- login -->
        <test-method signature="deleteLenientShiftTimetable()[pri:0, instance:testCases.HRMS.Attendance.DeleteLenientShiftTimetableTest@2dbf4cbd]" started-at="2025-06-07T17:43:17 IST" name="deleteLenientShiftTimetable" finished-at="2025-06-07T17:43:45 IST" duration-ms="28951" status="PASS">
          <reporter-output>
          </reporter-output>
        </test-method> <!-- deleteLenientShiftTimetable -->
        <test-method is-config="true" signature="afterMethod()[pri:0, instance:testCases.HRMS.Attendance.DeleteLenientShiftTimetableTest@2dbf4cbd]" started-at="2025-06-07T17:43:45 IST" name="afterMethod" finished-at="2025-06-07T17:43:45 IST" duration-ms="0" status="PASS">
          <reporter-output>
          </reporter-output>
        </test-method> <!-- afterMethod -->
        <test-method is-config="true" signature="teardown()[pri:0, instance:testCases.HRMS.Attendance.DeleteLenientShiftTimetableTest@2dbf4cbd]" started-at="2025-06-07T17:43:45 IST" name="teardown" finished-at="2025-06-07T17:43:46 IST" duration-ms="289" status="PASS">
          <reporter-output>
          </reporter-output>
        </test-method> <!-- teardown -->
      </class> <!-- testCases.HRMS.Attendance.DeleteLenientShiftTimetableTest -->
      <class name="testCases.HRMS.HRCore.DeleteDesignationTest">
        <test-method is-config="true" signature="setup(java.lang.String,java.lang.String)[pri:0, instance:testCases.HRMS.HRCore.DeleteDesignationTest@553f1d75]" started-at="2025-06-07T17:00:17 IST" name="setup" finished-at="2025-06-07T17:00:32 IST" duration-ms="14484" status="PASS">
          <params>
            <param index="0">
              <value>
                <![CDATA[windows]]>
              </value>
            </param>
            <param index="1">
              <value>
                <![CDATA[chrome]]>
              </value>
            </param>
          </params>
          <reporter-output>
          </reporter-output>
        </test-method> <!-- setup -->
        <test-method is-config="true" signature="login()[pri:0, instance:testCases.HRMS.HRCore.DeleteDesignationTest@553f1d75]" started-at="2025-06-07T17:00:32 IST" name="login" finished-at="2025-06-07T17:00:40 IST" duration-ms="8273" status="PASS">
          <reporter-output>
          </reporter-output>
        </test-method> <!-- login -->
        <test-method signature="deleteDesignation()[pri:0, instance:testCases.HRMS.HRCore.DeleteDesignationTest@553f1d75]" started-at="2025-06-07T17:00:40 IST" name="deleteDesignation" finished-at="2025-06-07T17:01:12 IST" duration-ms="32691" status="PASS">
          <reporter-output>
          </reporter-output>
        </test-method> <!-- deleteDesignation -->
        <test-method is-config="true" signature="afterMethod()[pri:0, instance:testCases.HRMS.HRCore.DeleteDesignationTest@553f1d75]" started-at="2025-06-07T17:01:12 IST" name="afterMethod" finished-at="2025-06-07T17:01:12 IST" duration-ms="1" status="PASS">
          <reporter-output>
          </reporter-output>
        </test-method> <!-- afterMethod -->
        <test-method is-config="true" signature="teardown()[pri:0, instance:testCases.HRMS.HRCore.DeleteDesignationTest@553f1d75]" started-at="2025-06-07T17:01:12 IST" name="teardown" finished-at="2025-06-07T17:01:13 IST" duration-ms="259" status="PASS">
          <reporter-output>
          </reporter-output>
        </test-method> <!-- teardown -->
      </class> <!-- testCases.HRMS.HRCore.DeleteDesignationTest -->
      <class name="testCases.HRMS.HRCore.CreateBankTest">
        <test-method is-config="true" signature="setup(java.lang.String,java.lang.String)[pri:0, instance:testCases.HRMS.HRCore.CreateBankTest@3829ac1]" started-at="2025-06-07T16:55:02 IST" name="setup" finished-at="2025-06-07T16:55:18 IST" duration-ms="15665" status="PASS">
          <params>
            <param index="0">
              <value>
                <![CDATA[windows]]>
              </value>
            </param>
            <param index="1">
              <value>
                <![CDATA[chrome]]>
              </value>
            </param>
          </params>
          <reporter-output>
          </reporter-output>
        </test-method> <!-- setup -->
        <test-method is-config="true" signature="login()[pri:0, instance:testCases.HRMS.HRCore.CreateBankTest@3829ac1]" started-at="2025-06-07T16:55:18 IST" name="login" finished-at="2025-06-07T16:55:26 IST" duration-ms="8857" status="PASS">
          <reporter-output>
          </reporter-output>
        </test-method> <!-- login -->
        <test-method signature="createBank()[pri:0, instance:testCases.HRMS.HRCore.CreateBankTest@3829ac1]" started-at="2025-06-07T16:55:26 IST" name="createBank" finished-at="2025-06-07T16:55:38 IST" duration-ms="11216" status="PASS">
          <reporter-output>
          </reporter-output>
        </test-method> <!-- createBank -->
        <test-method is-config="true" signature="afterMethod()[pri:0, instance:testCases.HRMS.HRCore.CreateBankTest@3829ac1]" started-at="2025-06-07T16:55:38 IST" name="afterMethod" finished-at="2025-06-07T16:55:38 IST" duration-ms="1" status="PASS">
          <reporter-output>
          </reporter-output>
        </test-method> <!-- afterMethod -->
        <test-method is-config="true" signature="teardown()[pri:0, instance:testCases.HRMS.HRCore.CreateBankTest@3829ac1]" started-at="2025-06-07T16:55:38 IST" name="teardown" finished-at="2025-06-07T16:55:38 IST" duration-ms="301" status="PASS">
          <reporter-output>
          </reporter-output>
        </test-method> <!-- teardown -->
      </class> <!-- testCases.HRMS.HRCore.CreateBankTest -->
      <class name="testCases.HRMS.SelfService.CreatePromotionRequestTest">
        <test-method is-config="true" signature="setup(java.lang.String,java.lang.String)[pri:0, instance:testCases.HRMS.SelfService.CreatePromotionRequestTest@3f446bef]" started-at="2025-06-07T17:29:52 IST" name="setup" finished-at="2025-06-07T17:30:07 IST" duration-ms="14601" status="PASS">
          <params>
            <param index="0">
              <value>
                <![CDATA[windows]]>
              </value>
            </param>
            <param index="1">
              <value>
                <![CDATA[chrome]]>
              </value>
            </param>
          </params>
          <reporter-output>
          </reporter-output>
        </test-method> <!-- setup -->
        <test-method is-config="true" signature="login()[pri:0, instance:testCases.HRMS.SelfService.CreatePromotionRequestTest@3f446bef]" started-at="2025-06-07T17:30:07 IST" name="login" finished-at="2025-06-07T17:30:15 IST" duration-ms="8254" status="PASS">
          <reporter-output>
          </reporter-output>
        </test-method> <!-- login -->
        <test-method signature="createPromotionRequest()[pri:0, instance:testCases.HRMS.SelfService.CreatePromotionRequestTest@3f446bef]" started-at="2025-06-07T17:30:15 IST" name="createPromotionRequest" finished-at="2025-06-07T17:30:53 IST" duration-ms="37330" status="PASS">
          <reporter-output>
          </reporter-output>
        </test-method> <!-- createPromotionRequest -->
        <test-method is-config="true" signature="afterMethod()[pri:0, instance:testCases.HRMS.SelfService.CreatePromotionRequestTest@3f446bef]" started-at="2025-06-07T17:30:53 IST" name="afterMethod" finished-at="2025-06-07T17:30:53 IST" duration-ms="0" status="PASS">
          <reporter-output>
          </reporter-output>
        </test-method> <!-- afterMethod -->
        <test-method is-config="true" signature="teardown()[pri:0, instance:testCases.HRMS.SelfService.CreatePromotionRequestTest@3f446bef]" started-at="2025-06-07T17:30:53 IST" name="teardown" finished-at="2025-06-07T17:30:53 IST" duration-ms="226" status="PASS">
          <reporter-output>
          </reporter-output>
        </test-method> <!-- teardown -->
      </class> <!-- testCases.HRMS.SelfService.CreatePromotionRequestTest -->
      <class name="testCases.HRMS.HRCore.CreateQualificationTest">
        <test-method is-config="true" signature="setup(java.lang.String,java.lang.String)[pri:0, instance:testCases.HRMS.HRCore.CreateQualificationTest@47404bea]" started-at="2025-06-07T17:04:00 IST" name="setup" finished-at="2025-06-07T17:04:15 IST" duration-ms="15159" status="PASS">
          <params>
            <param index="0">
              <value>
                <![CDATA[windows]]>
              </value>
            </param>
            <param index="1">
              <value>
                <![CDATA[chrome]]>
              </value>
            </param>
          </params>
          <reporter-output>
          </reporter-output>
        </test-method> <!-- setup -->
        <test-method is-config="true" signature="login()[pri:0, instance:testCases.HRMS.HRCore.CreateQualificationTest@47404bea]" started-at="2025-06-07T17:04:15 IST" name="login" finished-at="2025-06-07T17:04:24 IST" duration-ms="8389" status="PASS">
          <reporter-output>
          </reporter-output>
        </test-method> <!-- login -->
        <test-method signature="createQualification()[pri:0, instance:testCases.HRMS.HRCore.CreateQualificationTest@47404bea]" started-at="2025-06-07T17:04:24 IST" name="createQualification" finished-at="2025-06-07T17:04:34 IST" duration-ms="10299" status="PASS">
          <reporter-output>
          </reporter-output>
        </test-method> <!-- createQualification -->
        <test-method is-config="true" signature="afterMethod()[pri:0, instance:testCases.HRMS.HRCore.CreateQualificationTest@47404bea]" started-at="2025-06-07T17:04:34 IST" name="afterMethod" finished-at="2025-06-07T17:04:34 IST" duration-ms="1" status="PASS">
          <reporter-output>
          </reporter-output>
        </test-method> <!-- afterMethod -->
        <test-method is-config="true" signature="teardown()[pri:0, instance:testCases.HRMS.HRCore.CreateQualificationTest@47404bea]" started-at="2025-06-07T17:04:34 IST" name="teardown" finished-at="2025-06-07T17:04:34 IST" duration-ms="193" status="PASS">
          <reporter-output>
          </reporter-output>
        </test-method> <!-- teardown -->
      </class> <!-- testCases.HRMS.HRCore.CreateQualificationTest -->
      <class name="testCases.HRMS.Payroll.CreateLeaveEncashmentTest">
        <test-method is-config="true" signature="setup(java.lang.String,java.lang.String)[pri:0, instance:testCases.HRMS.Payroll.CreateLeaveEncashmentTest@275fe372]" started-at="2025-06-07T17:13:44 IST" name="setup" finished-at="2025-06-07T17:13:58 IST" duration-ms="14428" status="PASS">
          <params>
            <param index="0">
              <value>
                <![CDATA[windows]]>
              </value>
            </param>
            <param index="1">
              <value>
                <![CDATA[chrome]]>
              </value>
            </param>
          </params>
          <reporter-output>
          </reporter-output>
        </test-method> <!-- setup -->
        <test-method is-config="true" signature="login()[pri:0, instance:testCases.HRMS.Payroll.CreateLeaveEncashmentTest@275fe372]" started-at="2025-06-07T17:13:58 IST" name="login" finished-at="2025-06-07T17:14:07 IST" duration-ms="8270" status="PASS">
          <reporter-output>
          </reporter-output>
        </test-method> <!-- login -->
        <test-method signature="createLeaveEncashment()[pri:0, instance:testCases.HRMS.Payroll.CreateLeaveEncashmentTest@275fe372]" started-at="2025-06-07T17:14:07 IST" name="createLeaveEncashment" finished-at="2025-06-07T17:14:46 IST" duration-ms="38805" status="PASS">
          <reporter-output>
          </reporter-output>
        </test-method> <!-- createLeaveEncashment -->
        <test-method is-config="true" signature="afterMethod()[pri:0, instance:testCases.HRMS.Payroll.CreateLeaveEncashmentTest@275fe372]" started-at="2025-06-07T17:14:46 IST" name="afterMethod" finished-at="2025-06-07T17:14:46 IST" duration-ms="0" status="PASS">
          <reporter-output>
          </reporter-output>
        </test-method> <!-- afterMethod -->
        <test-method is-config="true" signature="teardown()[pri:0, instance:testCases.HRMS.Payroll.CreateLeaveEncashmentTest@275fe372]" started-at="2025-06-07T17:14:46 IST" name="teardown" finished-at="2025-06-07T17:14:46 IST" duration-ms="240" status="PASS">
          <reporter-output>
          </reporter-output>
        </test-method> <!-- teardown -->
      </class> <!-- testCases.HRMS.Payroll.CreateLeaveEncashmentTest -->
      <class name="testCases.HRMS.Payroll.DeleteLeaveEncashmentTest">
        <test-method is-config="true" signature="setup(java.lang.String,java.lang.String)[pri:0, instance:testCases.HRMS.Payroll.DeleteLeaveEncashmentTest@40e10ff8]" started-at="2025-06-07T17:14:46 IST" name="setup" finished-at="2025-06-07T17:15:01 IST" duration-ms="14831" status="PASS">
          <params>
            <param index="0">
              <value>
                <![CDATA[windows]]>
              </value>
            </param>
            <param index="1">
              <value>
                <![CDATA[chrome]]>
              </value>
            </param>
          </params>
          <reporter-output>
          </reporter-output>
        </test-method> <!-- setup -->
        <test-method is-config="true" signature="login()[pri:0, instance:testCases.HRMS.Payroll.DeleteLeaveEncashmentTest@40e10ff8]" started-at="2025-06-07T17:15:01 IST" name="login" finished-at="2025-06-07T17:15:09 IST" duration-ms="7985" status="PASS">
          <reporter-output>
          </reporter-output>
        </test-method> <!-- login -->
        <test-method signature="deleteLeaveEncashment()[pri:0, instance:testCases.HRMS.Payroll.DeleteLeaveEncashmentTest@40e10ff8]" started-at="2025-06-07T17:15:09 IST" name="deleteLeaveEncashment" finished-at="2025-06-07T17:15:46 IST" duration-ms="37795" status="PASS">
          <reporter-output>
          </reporter-output>
        </test-method> <!-- deleteLeaveEncashment -->
        <test-method is-config="true" signature="afterMethod()[pri:0, instance:testCases.HRMS.Payroll.DeleteLeaveEncashmentTest@40e10ff8]" started-at="2025-06-07T17:15:46 IST" name="afterMethod" finished-at="2025-06-07T17:15:46 IST" duration-ms="1" status="PASS">
          <reporter-output>
          </reporter-output>
        </test-method> <!-- afterMethod -->
        <test-method is-config="true" signature="teardown()[pri:0, instance:testCases.HRMS.Payroll.DeleteLeaveEncashmentTest@40e10ff8]" started-at="2025-06-07T17:15:46 IST" name="teardown" finished-at="2025-06-07T17:15:47 IST" duration-ms="229" status="PASS">
          <reporter-output>
          </reporter-output>
        </test-method> <!-- teardown -->
      </class> <!-- testCases.HRMS.Payroll.DeleteLeaveEncashmentTest -->
    </test> <!-- Regression Tests -->
  </suite> <!-- RegressionTestSuite -->
</testng-results>
